[38;5;8m2022-08-16 16:54:32[0m [I] [38;5;78;1mapp[0m [38;5;15;1mKoishi/4.8.5[0m
[38;5;8m2022-08-16 16:54:32[0m [I] [38;5;78;1mapp[0m apply plugin [38;5;78mgroup:entry[0m
[38;5;8m2022-08-16 16:54:32[0m [I] [38;5;78;1mapp[0m apply plugin [38;5;78mhelp[0m
[38;5;8m2022-08-16 16:54:32[0m [I] [38;5;78;1mapp[0m apply plugin [38;5;78msuggest[0m
[38;5;8m2022-08-16 16:54:32[0m [I] [38;5;78;1mapp[0m apply plugin [38;5;78mconsole[0m
[38;5;8m2022-08-16 16:54:32[0m [I] [38;5;78;1mapp[0m apply plugin [38;5;78mlogger[0m
[38;5;8m2022-08-16 16:54:32[0m [I] [38;5;78;1mapp[0m apply plugin [38;5;78mmarket[0m
[38;5;8m2022-08-16 16:54:32[0m [I] [38;5;78;1mapp[0m apply plugin [38;5;78mstatus[0m
[38;5;8m2022-08-16 16:54:32[0m [I] [38;5;78;1mapp[0m apply plugin [38;5;78msandbox[0m
[38;5;8m2022-08-16 16:54:32[0m [I] [38;5;78;1mapp[0m server listening at [38;5;78mhttp://localhost:5140[0m
[38;5;8m2022-08-16 16:55:52[0m [I] [38;5;78;1mapp[0m [38;5;15;1mKoishi/4.8.5[0m
[38;5;8m2022-08-16 16:55:52[0m [I] [38;5;78;1mapp[0m apply plugin [38;5;78msuggest[0m
[38;5;8m2022-08-16 16:55:52[0m [I] [38;5;78;1mapp[0m apply plugin [38;5;78mconsole[0m
[38;5;8m2022-08-16 16:55:52[0m [I] [38;5;78;1mapp[0m apply plugin [38;5;78mlogger[0m
[38;5;8m2022-08-16 16:55:52[0m [I] [38;5;78;1mapp[0m apply plugin [38;5;78mmarket[0m
[38;5;8m2022-08-16 16:55:52[0m [I] [38;5;78;1mapp[0m apply plugin [38;5;78mstatus[0m
[38;5;8m2022-08-16 16:55:52[0m [I] [38;5;78;1mapp[0m apply plugin [38;5;78msandbox[0m
[38;5;8m2022-08-16 16:55:52[0m [I] [38;5;78;1mapp[0m server listening at [38;5;78mhttp://localhost:5140[0m
[38;5;8m2022-08-16 16:55:52[0m [I] [38;5;78;1mapp[0m apply plugin [38;5;78mgroup:entry[0m
[38;5;8m2022-08-16 16:55:52[0m [I] [38;5;78;1mapp[0m apply plugin [38;5;78mhelp[0m
[38;5;8m2022-08-16 16:56:46[0m [W] [38;5;178;1mmarket[0m npm
[38;5;8m2022-08-16 16:56:46[0m [W] [38;5;178;1mmarket[0m WARN @satorijs/components@0.3.3 requires a peer of @vueuse/core@^7.7.1 but none is installed. You must install peer dependencies yourself.
[38;5;8m2022-08-16 16:56:46[0m [W] [38;5;178;1mmarket[0m npm
[38;5;8m2022-08-16 16:56:46[0m [W] [38;5;178;1mmarket[0m WARN
[38;5;8m2022-08-16 16:56:46[0m [W] [38;5;178;1mmarket[0m optional
[38;5;8m2022-08-16 16:56:46[0m [W] [38;5;178;1mmarket[0m SKIPPING OPTIONAL DEPENDENCY: @esbuild/linux-loong64@0.14.54 (node_modules/@esbuild/linux-loong64):
[38;5;8m2022-08-16 16:56:46[0m [W] [38;5;178;1mmarket[0m npm
[38;5;8m2022-08-16 16:56:46[0m [W] [38;5;178;1mmarket[0m WARN notsup SKIPPING OPTIONAL DEPENDENCY: Unsupported platform for @esbuild/linux-loong64@0.14.54: wanted {"os":"linux","arch":"loong64"} (current: {"os":"darwin","arch":"x64"})
[38;5;8m2022-08-16 16:56:46[0m [W] [38;5;178;1mmarket[0m npm
[38;5;8m2022-08-16 16:56:46[0m [W] [38;5;178;1mmarket[0m WARN
[38;5;8m2022-08-16 16:56:46[0m [W] [38;5;178;1mmarket[0m npm WARN notsup SKIPPING OPTIONAL DEPENDENCY: Unsupported platform for esbuild-darwin-arm64@0.14.54: wanted {"os":"darwin","arch":"arm64"} (current: {"os":"darwin","arch":"x64"})
[38;5;8m2022-08-16 16:56:46[0m [W] [38;5;178;1mmarket[0m optional SKIPPING OPTIONAL DEPENDENCY: esbuild-darwin-arm64@0.14.54 (node_modules/esbuild-darwin-arm64):
[38;5;8m2022-08-16 16:56:46[0m [W] [38;5;178;1mmarket[0m npm
[38;5;8m2022-08-16 16:56:46[0m [W] [38;5;178;1mmarket[0m npm WARN notsup
[38;5;8m2022-08-16 16:56:46[0m [W] [38;5;178;1mmarket[0m WARN optional SKIPPING OPTIONAL DEPENDENCY: esbuild-android-arm64@0.14.54 (node_modules/esbuild-android-arm64):
[38;5;8m2022-08-16 16:56:46[0m [W] [38;5;178;1mmarket[0m SKIPPING OPTIONAL DEPENDENCY: Unsupported platform for esbuild-android-arm64@0.14.54: wanted {"os":"android","arch":"arm64"} (current: {"os":"darwin","arch":"x64"})
[38;5;8m2022-08-16 16:56:46[0m [W] [38;5;178;1mmarket[0m npm
[38;5;8m2022-08-16 16:56:46[0m [W] [38;5;178;1mmarket[0m WARN optional SKIPPING OPTIONAL DEPENDENCY: esbuild-freebsd-64@0.14.54 (node_modules/esbuild-freebsd-64):
[38;5;8m2022-08-16 16:56:46[0m [W] [38;5;178;1mmarket[0m npm WARN notsup SKIPPING OPTIONAL DEPENDENCY: Unsupported platform for esbuild-freebsd-64@0.14.54: wanted {"os":"freebsd","arch":"x64"} (current: {"os":"darwin","arch":"x64"})
[38;5;8m2022-08-16 16:56:46[0m [W] [38;5;178;1mmarket[0m npm WARN optional SKIPPING OPTIONAL DEPENDENCY: esbuild-freebsd-arm64@0.14.54 (node_modules/esbuild-freebsd-arm64):
[38;5;8m2022-08-16 16:56:46[0m [W] [38;5;178;1mmarket[0m npm WARN notsup SKIPPING OPTIONAL DEPENDENCY: Unsupported platform for esbuild-freebsd-arm64@0.14.54: wanted {"os":"freebsd","arch":"arm64"} (current: {"os":"darwin","arch":"x64"})
[38;5;8m2022-08-16 16:56:46[0m [W] [38;5;178;1mmarket[0m npm WARN optional SKIPPING OPTIONAL DEPENDENCY: esbuild-linux-64@0.14.54 (node_modules/esbuild-linux-64):
[38;5;8m2022-08-16 16:56:46[0m [W] [38;5;178;1mmarket[0m npm WARN notsup SKIPPING OPTIONAL DEPENDENCY: Unsupported platform for esbuild-linux-64@0.14.54: wanted {"os":"linux","arch":"x64"} (current: {"os":"darwin","arch":"x64"})
[38;5;8m2022-08-16 16:56:46[0m [W] [38;5;178;1mmarket[0m npm WARN optional SKIPPING OPTIONAL DEPENDENCY: esbuild-linux-arm@0.14.54 (node_modules/esbuild-linux-arm):
[38;5;8m2022-08-16 16:56:46[0m [W] [38;5;178;1mmarket[0m npm WARN notsup SKIPPING OPTIONAL DEPENDENCY: Unsupported platform for esbuild-linux-arm@0.14.54: wanted {"os":"linux","arch":"arm"} (current: {"os":"darwin","arch":"x64"})
[38;5;8m2022-08-16 16:56:46[0m [W] [38;5;178;1mmarket[0m npm
[38;5;8m2022-08-16 16:56:46[0m [W] [38;5;178;1mmarket[0m WARN
[38;5;8m2022-08-16 16:56:46[0m [W] [38;5;178;1mmarket[0m optional SKIPPING OPTIONAL DEPENDENCY: esbuild-linux-32@0.14.54 (node_modules/esbuild-linux-32):
[38;5;8m2022-08-16 16:56:46[0m [W] [38;5;178;1mmarket[0m npm WARN notsup SKIPPING OPTIONAL DEPENDENCY: Unsupported platform for esbuild-linux-32@0.14.54: wanted {"os":"linux","arch":"ia32"} (current: {"os":"darwin","arch":"x64"})
[38;5;8m2022-08-16 16:56:46[0m [W] [38;5;178;1mmarket[0m npm
[38;5;8m2022-08-16 16:56:46[0m [W] [38;5;178;1mmarket[0m WARN optional
[38;5;8m2022-08-16 16:56:46[0m [W] [38;5;178;1mmarket[0m SKIPPING OPTIONAL DEPENDENCY: esbuild-linux-arm64@0.14.54 (node_modules/esbuild-linux-arm64):
[38;5;8m2022-08-16 16:56:46[0m [W] [38;5;178;1mmarket[0m npm WARN notsup SKIPPING OPTIONAL DEPENDENCY: Unsupported platform for esbuild-linux-arm64@0.14.54: wanted {"os":"linux","arch":"arm64"} (current: {"os":"darwin","arch":"x64"})
[38;5;8m2022-08-16 16:56:46[0m [W] [38;5;178;1mmarket[0m npm WARN optional SKIPPING OPTIONAL DEPENDENCY: esbuild-linux-mips64le@0.14.54 (node_modules/esbuild-linux-mips64le):
[38;5;8m2022-08-16 16:56:46[0m [W] [38;5;178;1mmarket[0m npm WARN notsup SKIPPING OPTIONAL DEPENDENCY: Unsupported platform for esbuild-linux-mips64le@0.14.54: wanted {"os":"linux","arch":"mips64el"} (current: {"os":"darwin","arch":"x64"})
[38;5;8m2022-08-16 16:56:46[0m [W] [38;5;178;1mmarket[0m npm
[38;5;8m2022-08-16 16:56:46[0m [W] [38;5;178;1mmarket[0m WARN optional SKIPPING OPTIONAL DEPENDENCY: esbuild-linux-ppc64le@0.14.54 (node_modules/esbuild-linux-ppc64le):
[38;5;8m2022-08-16 16:56:46[0m [W] [38;5;178;1mmarket[0m npm WARN notsup SKIPPING OPTIONAL DEPENDENCY: Unsupported platform for esbuild-linux-ppc64le@0.14.54: wanted {"os":"linux","arch":"ppc64"} (current: {"os":"darwin","arch":"x64"})
[38;5;8m2022-08-16 16:56:46[0m [W] [38;5;178;1mmarket[0m npm WARN optional SKIPPING OPTIONAL DEPENDENCY: esbuild-linux-s390x@0.14.54 (node_modules/esbuild-linux-s390x):
[38;5;8m2022-08-16 16:56:46[0m [W] [38;5;178;1mmarket[0m npm WARN notsup SKIPPING OPTIONAL DEPENDENCY: Unsupported platform for esbuild-linux-s390x@0.14.54: wanted {"os":"linux","arch":"s390x"} (current: {"os":"darwin","arch":"x64"})
[38;5;8m2022-08-16 16:56:46[0m [W] [38;5;178;1mmarket[0m npm WARN optional SKIPPING OPTIONAL DEPENDENCY: esbuild-netbsd-64@0.14.54 (node_modules/esbuild-netbsd-64):
[38;5;8m2022-08-16 16:56:46[0m [W] [38;5;178;1mmarket[0m npm
[38;5;8m2022-08-16 16:56:46[0m [W] [38;5;178;1mmarket[0m WARN
[38;5;8m2022-08-16 16:56:46[0m [W] [38;5;178;1mmarket[0m notsup SKIPPING OPTIONAL DEPENDENCY: Unsupported platform for esbuild-netbsd-64@0.14.54: wanted {"os":"netbsd","arch":"x64"} (current: {"os":"darwin","arch":"x64"})
[38;5;8m2022-08-16 16:56:46[0m [W] [38;5;178;1mmarket[0m npm WARN optional SKIPPING OPTIONAL DEPENDENCY: esbuild-openbsd-64@0.14.54 (node_modules/esbuild-openbsd-64):
[38;5;8m2022-08-16 16:56:46[0m [W] [38;5;178;1mmarket[0m npm WARN notsup SKIPPING OPTIONAL DEPENDENCY: Unsupported platform for esbuild-openbsd-64@0.14.54: wanted {"os":"openbsd","arch":"x64"} (current: {"os":"darwin","arch":"x64"})
[38;5;8m2022-08-16 16:56:47[0m [W] [38;5;178;1mmarket[0m npm WARN optional SKIPPING OPTIONAL DEPENDENCY: esbuild-sunos-64@0.14.54 (node_modules/esbuild-sunos-64):
[38;5;8m2022-08-16 16:56:47[0m [W] [38;5;178;1mmarket[0m npm WARN notsup SKIPPING OPTIONAL DEPENDENCY: Unsupported platform for esbuild-sunos-64@0.14.54: wanted {"os":"sunos","arch":"x64"} (current: {"os":"darwin","arch":"x64"})
[38;5;8m2022-08-16 16:56:47[0m [W] [38;5;178;1mmarket[0m npm WARN optional SKIPPING OPTIONAL DEPENDENCY: esbuild-android-64@0.14.54 (node_modules/esbuild-android-64):
[38;5;8m2022-08-16 16:56:47[0m [W] [38;5;178;1mmarket[0m npm WARN notsup SKIPPING OPTIONAL DEPENDENCY: Unsupported platform for esbuild-android-64@0.14.54: wanted {"os":"android","arch":"x64"} (current: {"os":"darwin","arch":"x64"})
[38;5;8m2022-08-16 16:56:47[0m [W] [38;5;178;1mmarket[0m npm WARN optional SKIPPING OPTIONAL DEPENDENCY: esbuild-linux-riscv64@0.14.54 (node_modules/esbuild-linux-riscv64):
[38;5;8m2022-08-16 16:56:47[0m [W] [38;5;178;1mmarket[0m npm WARN notsup SKIPPING OPTIONAL DEPENDENCY: Unsupported platform for esbuild-linux-riscv64@0.14.54: wanted {"os":"linux","arch":"riscv64"} (current: {"os":"darwin","arch":"x64"})
[38;5;8m2022-08-16 16:56:47[0m [W] [38;5;178;1mmarket[0m npm WARN optional SKIPPING OPTIONAL DEPENDENCY: esbuild-windows-64@0.14.54 (node_modules/esbuild-windows-64):
[38;5;8m2022-08-16 16:56:47[0m [W] [38;5;178;1mmarket[0m npm WARN notsup SKIPPING OPTIONAL DEPENDENCY: Unsupported platform for esbuild-windows-64@0.14.54: wanted {"os":"win32","arch":"x64"} (current: {"os":"darwin","arch":"x64"})
[38;5;8m2022-08-16 16:56:47[0m [W] [38;5;178;1mmarket[0m npm WARN optional SKIPPING OPTIONAL DEPENDENCY: esbuild-windows-32@0.14.54 (node_modules/esbuild-windows-32):
[38;5;8m2022-08-16 16:56:47[0m [W] [38;5;178;1mmarket[0m npm WARN notsup SKIPPING OPTIONAL DEPENDENCY: Unsupported platform for esbuild-windows-32@0.14.54: wanted {"os":"win32","arch":"ia32"} (current: {"os":"darwin","arch":"x64"})
[38;5;8m2022-08-16 16:56:47[0m [W] [38;5;178;1mmarket[0m npm WARN optional SKIPPING OPTIONAL DEPENDENCY: esbuild-windows-arm64@0.14.54 (node_modules/esbuild-windows-arm64):
[38;5;8m2022-08-16 16:56:47[0m [W] [38;5;178;1mmarket[0m npm WARN notsup SKIPPING OPTIONAL DEPENDENCY: Unsupported platform for esbuild-windows-arm64@0.14.54: wanted {"os":"win32","arch":"arm64"} (current: {"os":"darwin","arch":"x64"})
[38;5;8m2022-08-16 16:56:47[0m [I] [38;5;178;1mmarket[0m added 2 packages from 1 contributor in 15.824s
[38;5;8m2022-08-16 16:56:47[0m [I] [38;5;178;1mmarket[0m   run `npm fund` for details
[38;5;8m2022-08-16 16:56:47[0m [I] [38;5;178;1mmarket[0m 73 packages are looking for funding
[38;5;8m2022-08-16 16:59:52[0m [I] [38;5;93;1mconsole[0m unknown message: sandbox/user Alice {}
[38;5;8m2022-08-16 16:59:54[0m [I] [38;5;93;1mconsole[0m unknown message: sandbox/user Bob {}
[38;5;8m2022-08-16 17:01:33[0m [I] [38;5;78;1mapp[0m apply plugin [38;5;78mecho[0m
[38;5;8m2022-08-16 17:18:06[0m [I] [38;5;78;1mapp[0m apply plugin [38;5;78mgroup:entry[0m
[38;5;8m2022-08-16 17:18:06[0m [I] [38;5;78;1mapp[0m apply plugin [38;5;78mhelp[0m
[38;5;8m2022-08-16 17:18:06[0m [I] [38;5;78;1mapp[0m apply plugin [38;5;78mlogger[0m
[38;5;8m2022-08-16 17:18:06[0m [I] [38;5;78;1mapp[0m apply plugin [38;5;78mmarket[0m
[38;5;8m2022-08-16 17:18:06[0m [I] [38;5;78;1mapp[0m [38;5;15;1mKoishi/4.8.5[0m
[38;5;8m2022-08-16 17:18:06[0m [I] [38;5;78;1mapp[0m apply plugin [38;5;78msuggest[0m
[38;5;8m2022-08-16 17:18:06[0m [I] [38;5;78;1mapp[0m apply plugin [38;5;78msandbox[0m
[38;5;8m2022-08-16 17:18:06[0m [I] [38;5;78;1mapp[0m apply plugin [38;5;78mstatus[0m
[38;5;8m2022-08-16 17:18:06[0m [I] [38;5;78;1mapp[0m apply plugin [38;5;78mconsole[0m
[38;5;8m2022-08-16 17:18:07[0m [I] [38;5;78;1mapp[0m apply plugin [38;5;78madapter-onebot[0m
[38;5;8m2022-08-16 17:18:07[0m [I] [38;5;78;1mapp[0m server listening at [38;5;78mhttp://localhost:5141[0m
[38;5;8m2022-08-16 17:18:07[0m [I] [38;5;78;1mapp[0m apply plugin [38;5;78mecho[0m
[38;5;8m2022-08-16 17:18:07[0m [W] [38;5;214;1madapter[0m failed to connect to ws://127.0.0.1:6700, code: 1006, will retry in 5s...
[38;5;8m2022-08-16 17:18:12[0m [W] [38;5;214;1madapter[0m failed to connect to ws://127.0.0.1:6700, code: 1006, will retry in 5s...
[38;5;8m2022-08-16 17:18:17[0m [W] [38;5;214;1madapter[0m failed to connect to ws://127.0.0.1:6700, code: 1006, will retry in 5s...
[38;5;8m2022-08-16 17:18:22[0m [W] [38;5;214;1madapter[0m failed to connect to ws://127.0.0.1:6700, code: 1006, will retry in 5s...
[38;5;8m2022-08-16 17:18:27[0m [W] [38;5;214;1madapter[0m failed to connect to ws://127.0.0.1:6700, code: 1006, will retry in 5s...
[38;5;8m2022-08-16 17:18:32[0m [W] [38;5;214;1madapter[0m failed to connect to ws://127.0.0.1:6700, code: 1006, will retry in 5s...
[38;5;8m2022-08-16 17:18:37[0m [W] [38;5;214;1madapter[0m failed to connect to ws://127.0.0.1:6700, code: 1006, will retry in 1m...
[38;5;8m2022-08-16 17:19:37[0m [W] [38;5;214;1madapter[0m failed to connect to ws://127.0.0.1:6700, code: 1006, will retry in 1m...
[38;5;8m2022-08-16 17:20:37[0m [W] [38;5;214;1madapter[0m failed to connect to ws://127.0.0.1:6700, code: 1006, will retry in 1m...
[38;5;8m2022-08-16 17:21:37[0m [W] [38;5;214;1madapter[0m failed to connect to ws://127.0.0.1:6700, code: 1006, will retry in 1m...
[38;5;8m2022-08-16 17:22:37[0m [W] [38;5;214;1madapter[0m failed to connect to ws://127.0.0.1:6700, code: 1006, will retry in 1m...
[38;5;8m2022-08-16 17:23:37[0m [W] [38;5;214;1madapter[0m failed to connect to ws://127.0.0.1:6700, code: 1006, will retry in 1m...
[38;5;8m2022-08-16 17:24:33[0m [I] [38;5;93;1mconsole[0m unknown message: sandbox/user Alice {}
[38;5;8m2022-08-16 17:24:37[0m [I] [38;5;214;1madapter[0m connect to server: [38;5;214mws://127.0.0.1:6700[0m
[38;5;8m2022-08-16 17:26:50[0m [I] [38;5;93;1mconsole[0m unknown message: sandbox/user Bob {}
[38;5;8m2022-08-16 17:31:51[0m [I] [38;5;78;1mapp[0m reload plugin [38;5;78madapter-onebot[0m
[38;5;8m2022-08-16 17:31:51[0m [I] [38;5;214;1madapter[0m connect to server: [38;5;214mws://127.0.0.1:6700[0m
[38;5;8m2022-08-16 17:34:41[0m [I] [38;5;93;1mconsole[0m unknown message: sandbox/user Bob null
[38;5;8m2022-08-16 17:34:42[0m [I] [38;5;93;1mconsole[0m unknown message: sandbox/user Bob null
[38;5;8m2022-08-16 17:34:45[0m [I] [38;5;93;1mconsole[0m unknown message: sandbox/user Carol {}
[38;5;8m2022-08-16 17:35:38[0m [W] [38;5;178;1mmarket[0m @satorijs/components@0.3.3 requires a peer of @vueuse/core@^7.7.1 but none is installed. You must install peer dependencies yourself.
[38;5;8m2022-08-16 17:35:38[0m [W] [38;5;178;1mmarket[0m npm WARN
[38;5;8m2022-08-16 17:35:38[0m [W] [38;5;178;1mmarket[0m npm WARN optional SKIPPING OPTIONAL DEPENDENCY: @esbuild/linux-loong64@0.14.54 (node_modules/@esbuild/linux-loong64):
[38;5;8m2022-08-16 17:35:38[0m [W] [38;5;178;1mmarket[0m npm WARN notsup SKIPPING OPTIONAL DEPENDENCY: Unsupported platform for @esbuild/linux-loong64@0.14.54: wanted {"os":"linux","arch":"loong64"} (current: {"os":"darwin","arch":"x64"})
[38;5;8m2022-08-16 17:35:38[0m [W] [38;5;178;1mmarket[0m npm WARN optional SKIPPING OPTIONAL DEPENDENCY: esbuild-darwin-arm64@0.14.54 (node_modules/esbuild-darwin-arm64):
[38;5;8m2022-08-16 17:35:38[0m [W] [38;5;178;1mmarket[0m npm WARN notsup SKIPPING OPTIONAL DEPENDENCY: Unsupported platform for esbuild-android-64@0.14.54: wanted {"os":"android","arch":"x64"} (current: {"os":"darwin","arch":"x64"})
[38;5;8m2022-08-16 17:35:38[0m [W] [38;5;178;1mmarket[0m npm WARN notsup SKIPPING OPTIONAL DEPENDENCY: Unsupported platform for esbuild-darwin-arm64@0.14.54: wanted {"os":"darwin","arch":"arm64"} (current: {"os":"darwin","arch":"x64"})
[38;5;8m2022-08-16 17:35:38[0m [W] [38;5;178;1mmarket[0m npm WARN optional SKIPPING OPTIONAL DEPENDENCY: esbuild-android-64@0.14.54 (node_modules/esbuild-android-64):
[38;5;8m2022-08-16 17:35:38[0m [W] [38;5;178;1mmarket[0m npm WARN optional SKIPPING OPTIONAL DEPENDENCY: esbuild-linux-32@0.14.54 (node_modules/esbuild-linux-32):
[38;5;8m2022-08-16 17:35:38[0m [W] [38;5;178;1mmarket[0m npm WARN notsup SKIPPING OPTIONAL DEPENDENCY: Unsupported platform for esbuild-linux-32@0.14.54: wanted {"os":"linux","arch":"ia32"} (current: {"os":"darwin","arch":"x64"})
[38;5;8m2022-08-16 17:35:38[0m [W] [38;5;178;1mmarket[0m npm WARN optional SKIPPING OPTIONAL DEPENDENCY: esbuild-freebsd-64@0.14.54 (node_modules/esbuild-freebsd-64):
[38;5;8m2022-08-16 17:35:38[0m [W] [38;5;178;1mmarket[0m npm WARN optional SKIPPING OPTIONAL DEPENDENCY: esbuild-linux-64@0.14.54 (node_modules/esbuild-linux-64):
[38;5;8m2022-08-16 17:35:38[0m [W] [38;5;178;1mmarket[0m npm WARN notsup SKIPPING OPTIONAL DEPENDENCY: Unsupported platform for esbuild-freebsd-64@0.14.54: wanted {"os":"freebsd","arch":"x64"} (current: {"os":"darwin","arch":"x64"})
[38;5;8m2022-08-16 17:35:38[0m [W] [38;5;178;1mmarket[0m npm WARN notsup SKIPPING OPTIONAL DEPENDENCY: Unsupported platform for esbuild-linux-64@0.14.54: wanted {"os":"linux","arch":"x64"} (current: {"os":"darwin","arch":"x64"})
[38;5;8m2022-08-16 17:35:38[0m [W] [38;5;178;1mmarket[0m npm WARN optional SKIPPING OPTIONAL DEPENDENCY: esbuild-linux-arm64@0.14.54 (node_modules/esbuild-linux-arm64):
[38;5;8m2022-08-16 17:35:38[0m [W] [38;5;178;1mmarket[0m npm WARN notsup SKIPPING OPTIONAL DEPENDENCY: Unsupported platform for esbuild-linux-arm64@0.14.54: wanted {"os":"linux","arch":"arm64"} (current: {"os":"darwin","arch":"x64"})
[38;5;8m2022-08-16 17:35:38[0m [W] [38;5;178;1mmarket[0m npm
[38;5;8m2022-08-16 17:35:38[0m [W] [38;5;178;1mmarket[0m WARN
[38;5;8m2022-08-16 17:35:38[0m [W] [38;5;178;1mmarket[0m optional
[38;5;8m2022-08-16 17:35:38[0m [W] [38;5;178;1mmarket[0m SKIPPING OPTIONAL DEPENDENCY: esbuild-linux-mips64le@0.14.54 (node_modules/esbuild-linux-mips64le):
[38;5;8m2022-08-16 17:35:38[0m [W] [38;5;178;1mmarket[0m npm
[38;5;8m2022-08-16 17:35:38[0m [W] [38;5;178;1mmarket[0m WARN
[38;5;8m2022-08-16 17:35:38[0m [W] [38;5;178;1mmarket[0m notsup
[38;5;8m2022-08-16 17:35:38[0m [W] [38;5;178;1mmarket[0m SKIPPING OPTIONAL DEPENDENCY: Unsupported platform for esbuild-linux-mips64le@0.14.54: wanted {"os":"linux","arch":"mips64el"} (current: {"os":"darwin","arch":"x64"})
[38;5;8m2022-08-16 17:35:38[0m [W] [38;5;178;1mmarket[0m npm
[38;5;8m2022-08-16 17:35:38[0m [W] [38;5;178;1mmarket[0m WARN
[38;5;8m2022-08-16 17:35:38[0m [W] [38;5;178;1mmarket[0m optional
[38;5;8m2022-08-16 17:35:38[0m [W] [38;5;178;1mmarket[0m SKIPPING OPTIONAL DEPENDENCY: esbuild-freebsd-arm64@0.14.54 (node_modules/esbuild-freebsd-arm64):
[38;5;8m2022-08-16 17:35:38[0m [W] [38;5;178;1mmarket[0m npm
[38;5;8m2022-08-16 17:35:38[0m [W] [38;5;178;1mmarket[0m WARN
[38;5;8m2022-08-16 17:35:38[0m [W] [38;5;178;1mmarket[0m notsup
[38;5;8m2022-08-16 17:35:38[0m [W] [38;5;178;1mmarket[0m SKIPPING OPTIONAL DEPENDENCY: Unsupported platform for esbuild-freebsd-arm64@0.14.54: wanted {"os":"freebsd","arch":"arm64"} (current: {"os":"darwin","arch":"x64"})
[38;5;8m2022-08-16 17:35:38[0m [W] [38;5;178;1mmarket[0m npm WARN optional SKIPPING OPTIONAL DEPENDENCY: esbuild-linux-ppc64le@0.14.54 (node_modules/esbuild-linux-ppc64le):
[38;5;8m2022-08-16 17:35:38[0m [W] [38;5;178;1mmarket[0m npm WARN notsup SKIPPING OPTIONAL DEPENDENCY: Unsupported platform for esbuild-linux-ppc64le@0.14.54: wanted {"os":"linux","arch":"ppc64"} (current: {"os":"darwin","arch":"x64"})
[38;5;8m2022-08-16 17:35:38[0m [W] [38;5;178;1mmarket[0m npm WARN optional SKIPPING OPTIONAL DEPENDENCY: esbuild-android-arm64@0.14.54 (node_modules/esbuild-android-arm64):
[38;5;8m2022-08-16 17:35:38[0m [W] [38;5;178;1mmarket[0m npm WARN notsup SKIPPING OPTIONAL DEPENDENCY: Unsupported platform for esbuild-android-arm64@0.14.54: wanted {"os":"android","arch":"arm64"} (current: {"os":"darwin","arch":"x64"})
[38;5;8m2022-08-16 17:35:38[0m [W] [38;5;178;1mmarket[0m npm WARN optional SKIPPING OPTIONAL DEPENDENCY: esbuild-linux-riscv64@0.14.54 (node_modules/esbuild-linux-riscv64):
[38;5;8m2022-08-16 17:35:38[0m [W] [38;5;178;1mmarket[0m npm WARN notsup SKIPPING OPTIONAL DEPENDENCY: Unsupported platform for esbuild-linux-riscv64@0.14.54: wanted {"os":"linux","arch":"riscv64"} (current: {"os":"darwin","arch":"x64"})
[38;5;8m2022-08-16 17:35:38[0m [W] [38;5;178;1mmarket[0m npm WARN optional SKIPPING OPTIONAL DEPENDENCY: esbuild-linux-s390x@0.14.54 (node_modules/esbuild-linux-s390x):
[38;5;8m2022-08-16 17:35:38[0m [W] [38;5;178;1mmarket[0m npm WARN notsup SKIPPING OPTIONAL DEPENDENCY: Unsupported platform for esbuild-linux-s390x@0.14.54: wanted {"os":"linux","arch":"s390x"} (current: {"os":"darwin","arch":"x64"})
[38;5;8m2022-08-16 17:35:38[0m [W] [38;5;178;1mmarket[0m npm WARN optional SKIPPING OPTIONAL DEPENDENCY: esbuild-netbsd-64@0.14.54 (node_modules/esbuild-netbsd-64):
[38;5;8m2022-08-16 17:35:38[0m [W] [38;5;178;1mmarket[0m npm WARN notsup SKIPPING OPTIONAL DEPENDENCY: Unsupported platform for esbuild-netbsd-64@0.14.54: wanted {"os":"netbsd","arch":"x64"} (current: {"os":"darwin","arch":"x64"})
[38;5;8m2022-08-16 17:35:38[0m [W] [38;5;178;1mmarket[0m npm WARN optional SKIPPING OPTIONAL DEPENDENCY: esbuild-openbsd-64@0.14.54 (node_modules/esbuild-openbsd-64):
[38;5;8m2022-08-16 17:35:38[0m [W] [38;5;178;1mmarket[0m npm WARN notsup SKIPPING OPTIONAL DEPENDENCY: Unsupported platform for esbuild-openbsd-64@0.14.54: wanted {"os":"openbsd","arch":"x64"} (current: {"os":"darwin","arch":"x64"})
[38;5;8m2022-08-16 17:35:38[0m [W] [38;5;178;1mmarket[0m npm WARN optional SKIPPING OPTIONAL DEPENDENCY: esbuild-sunos-64@0.14.54 (node_modules/esbuild-sunos-64):
[38;5;8m2022-08-16 17:35:38[0m [W] [38;5;178;1mmarket[0m npm WARN notsup SKIPPING OPTIONAL DEPENDENCY: Unsupported platform for esbuild-sunos-64@0.14.54: wanted {"os":"sunos","arch":"x64"} (current: {"os":"darwin","arch":"x64"})
[38;5;8m2022-08-16 17:35:38[0m [W] [38;5;178;1mmarket[0m npm WARN optional SKIPPING OPTIONAL DEPENDENCY: esbuild-windows-32@0.14.54 (node_modules/esbuild-windows-32):
[38;5;8m2022-08-16 17:35:38[0m [W] [38;5;178;1mmarket[0m npm WARN notsup SKIPPING OPTIONAL DEPENDENCY: Unsupported platform for esbuild-windows-32@0.14.54: wanted {"os":"win32","arch":"ia32"} (current: {"os":"darwin","arch":"x64"})
[38;5;8m2022-08-16 17:35:38[0m [W] [38;5;178;1mmarket[0m npm WARN optional SKIPPING OPTIONAL DEPENDENCY: esbuild-windows-arm64@0.14.54 (node_modules/esbuild-windows-arm64):
[38;5;8m2022-08-16 17:35:38[0m [W] [38;5;178;1mmarket[0m npm WARN notsup SKIPPING OPTIONAL DEPENDENCY: Unsupported platform for esbuild-windows-arm64@0.14.54: wanted {"os":"win32","arch":"arm64"} (current: {"os":"darwin","arch":"x64"})
[38;5;8m2022-08-16 17:35:38[0m [W] [38;5;178;1mmarket[0m npm WARN optional SKIPPING OPTIONAL DEPENDENCY: esbuild-linux-arm@0.14.54 (node_modules/esbuild-linux-arm):
[38;5;8m2022-08-16 17:35:38[0m [W] [38;5;178;1mmarket[0m npm WARN
[38;5;8m2022-08-16 17:35:38[0m [W] [38;5;178;1mmarket[0m notsup SKIPPING OPTIONAL DEPENDENCY: Unsupported platform for esbuild-linux-arm@0.14.54: wanted {"os":"linux","arch":"arm"} (current: {"os":"darwin","arch":"x64"})
[38;5;8m2022-08-16 17:35:38[0m [W] [38;5;178;1mmarket[0m npm
[38;5;8m2022-08-16 17:35:38[0m [W] [38;5;178;1mmarket[0m WARN optional SKIPPING OPTIONAL DEPENDENCY: esbuild-windows-64@0.14.54 (node_modules/esbuild-windows-64):
[38;5;8m2022-08-16 17:35:38[0m [W] [38;5;178;1mmarket[0m npm WARN notsup SKIPPING OPTIONAL DEPENDENCY: Unsupported platform for esbuild-windows-64@0.14.54: wanted {"os":"win32","arch":"x64"} (current: {"os":"darwin","arch":"x64"})
[38;5;8m2022-08-16 17:35:38[0m [I] [38;5;178;1mmarket[0m added 1 package in 8.742s
[38;5;8m2022-08-16 17:35:39[0m [I] [38;5;178;1mmarket[0m 73 packages are looking for funding
[38;5;8m2022-08-16 17:35:39[0m [I] [38;5;178;1mmarket[0m   run `npm fund` for details
[38;5;8m2022-08-16 17:35:39[0m [W] [38;5;178;1mmarket[0m getaddrinfo ENOTFOUND registry.npm.taobao.org
[38;5;8m2022-08-16 17:36:09[0m [W] [38;5;178;1mmarket[0m npm WARN @satorijs/components@0.3.3 requires a peer of @vueuse/core@^7.7.1 but none is installed. You must install peer dependencies yourself.
[38;5;8m2022-08-16 17:36:09[0m [W] [38;5;178;1mmarket[0m npm WARN notsup SKIPPING OPTIONAL DEPENDENCY: Unsupported platform for @esbuild/linux-loong64@0.14.54: wanted {"os":"linux","arch":"loong64"} (current: {"os":"darwin","arch":"x64"})
[38;5;8m2022-08-16 17:36:09[0m [W] [38;5;178;1mmarket[0m npm WARN optional SKIPPING OPTIONAL DEPENDENCY: @esbuild/linux-loong64@0.14.54 (node_modules/@esbuild/linux-loong64):
[38;5;8m2022-08-16 17:36:09[0m [W] [38;5;178;1mmarket[0m npm
[38;5;8m2022-08-16 17:36:09[0m [W] [38;5;178;1mmarket[0m WARN
[38;5;8m2022-08-16 17:36:09[0m [W] [38;5;178;1mmarket[0m optional SKIPPING OPTIONAL DEPENDENCY: esbuild-android-64@0.14.54 (node_modules/esbuild-android-64):
[38;5;8m2022-08-16 17:36:09[0m [W] [38;5;178;1mmarket[0m npm
[38;5;8m2022-08-16 17:36:09[0m [W] [38;5;178;1mmarket[0m WARN
[38;5;8m2022-08-16 17:36:09[0m [W] [38;5;178;1mmarket[0m notsup SKIPPING OPTIONAL DEPENDENCY: Unsupported platform for esbuild-android-64@0.14.54: wanted {"os":"android","arch":"x64"} (current: {"os":"darwin","arch":"x64"})
[38;5;8m2022-08-16 17:36:09[0m [W] [38;5;178;1mmarket[0m npm WARN optional SKIPPING OPTIONAL DEPENDENCY: esbuild-android-arm64@0.14.54 (node_modules/esbuild-android-arm64):
[38;5;8m2022-08-16 17:36:09[0m [W] [38;5;178;1mmarket[0m npm WARN notsup SKIPPING OPTIONAL DEPENDENCY: Unsupported platform for esbuild-android-arm64@0.14.54: wanted {"os":"android","arch":"arm64"} (current: {"os":"darwin","arch":"x64"})
[38;5;8m2022-08-16 17:36:09[0m [W] [38;5;178;1mmarket[0m npm WARN optional SKIPPING OPTIONAL DEPENDENCY: esbuild-darwin-arm64@0.14.54 (node_modules/esbuild-darwin-arm64):
[38;5;8m2022-08-16 17:36:09[0m [W] [38;5;178;1mmarket[0m npm WARN notsup SKIPPING OPTIONAL DEPENDENCY: Unsupported platform for esbuild-darwin-arm64@0.14.54: wanted {"os":"darwin","arch":"arm64"} (current: {"os":"darwin","arch":"x64"})
[38;5;8m2022-08-16 17:36:10[0m [W] [38;5;178;1mmarket[0m npm WARN optional SKIPPING OPTIONAL DEPENDENCY: esbuild-freebsd-64@0.14.54 (node_modules/esbuild-freebsd-64):
[38;5;8m2022-08-16 17:36:10[0m [W] [38;5;178;1mmarket[0m npm WARN notsup SKIPPING OPTIONAL DEPENDENCY: Unsupported platform for esbuild-freebsd-64@0.14.54: wanted {"os":"freebsd","arch":"x64"} (current: {"os":"darwin","arch":"x64"})
[38;5;8m2022-08-16 17:36:10[0m [W] [38;5;178;1mmarket[0m npm WARN optional SKIPPING OPTIONAL DEPENDENCY: esbuild-linux-32@0.14.54 (node_modules/esbuild-linux-32):
[38;5;8m2022-08-16 17:36:10[0m [W] [38;5;178;1mmarket[0m npm WARN notsup SKIPPING OPTIONAL DEPENDENCY: Unsupported platform for esbuild-linux-32@0.14.54: wanted {"os":"linux","arch":"ia32"} (current: {"os":"darwin","arch":"x64"})
[38;5;8m2022-08-16 17:36:10[0m [W] [38;5;178;1mmarket[0m npm WARN optional SKIPPING OPTIONAL DEPENDENCY: esbuild-freebsd-arm64@0.14.54 (node_modules/esbuild-freebsd-arm64):
[38;5;8m2022-08-16 17:36:10[0m [W] [38;5;178;1mmarket[0m npm WARN notsup SKIPPING OPTIONAL DEPENDENCY: Unsupported platform for esbuild-freebsd-arm64@0.14.54: wanted {"os":"freebsd","arch":"arm64"} (current: {"os":"darwin","arch":"x64"})
[38;5;8m2022-08-16 17:36:10[0m [W] [38;5;178;1mmarket[0m npm WARN optional SKIPPING OPTIONAL DEPENDENCY: esbuild-linux-64@0.14.54 (node_modules/esbuild-linux-64):
[38;5;8m2022-08-16 17:36:10[0m [W] [38;5;178;1mmarket[0m npm WARN notsup SKIPPING OPTIONAL DEPENDENCY: Unsupported platform for esbuild-linux-64@0.14.54: wanted {"os":"linux","arch":"x64"} (current: {"os":"darwin","arch":"x64"})
[38;5;8m2022-08-16 17:36:10[0m [W] [38;5;178;1mmarket[0m npm WARN optional SKIPPING OPTIONAL DEPENDENCY: esbuild-linux-arm@0.14.54 (node_modules/esbuild-linux-arm):
[38;5;8m2022-08-16 17:36:10[0m [W] [38;5;178;1mmarket[0m npm WARN notsup SKIPPING OPTIONAL DEPENDENCY: Unsupported platform for esbuild-linux-arm@0.14.54: wanted {"os":"linux","arch":"arm"} (current: {"os":"darwin","arch":"x64"})
[38;5;8m2022-08-16 17:36:10[0m [W] [38;5;178;1mmarket[0m npm WARN optional SKIPPING OPTIONAL DEPENDENCY: esbuild-linux-arm64@0.14.54 (node_modules/esbuild-linux-arm64):
[38;5;8m2022-08-16 17:36:10[0m [W] [38;5;178;1mmarket[0m npm WARN notsup SKIPPING OPTIONAL DEPENDENCY: Unsupported platform for esbuild-linux-arm64@0.14.54: wanted {"os":"linux","arch":"arm64"} (current: {"os":"darwin","arch":"x64"})
[38;5;8m2022-08-16 17:36:10[0m [W] [38;5;178;1mmarket[0m npm WARN optional SKIPPING OPTIONAL DEPENDENCY: esbuild-linux-mips64le@0.14.54 (node_modules/esbuild-linux-mips64le):
[38;5;8m2022-08-16 17:36:10[0m [W] [38;5;178;1mmarket[0m npm WARN notsup SKIPPING OPTIONAL DEPENDENCY: Unsupported platform for esbuild-linux-mips64le@0.14.54: wanted {"os":"linux","arch":"mips64el"} (current: {"os":"darwin","arch":"x64"})
[38;5;8m2022-08-16 17:36:10[0m [W] [38;5;178;1mmarket[0m npm WARN optional SKIPPING OPTIONAL DEPENDENCY: esbuild-linux-ppc64le@0.14.54 (node_modules/esbuild-linux-ppc64le):
[38;5;8m2022-08-16 17:36:10[0m [W] [38;5;178;1mmarket[0m npm WARN notsup SKIPPING OPTIONAL DEPENDENCY: Unsupported platform for esbuild-linux-ppc64le@0.14.54: wanted {"os":"linux","arch":"ppc64"} (current: {"os":"darwin","arch":"x64"})
[38;5;8m2022-08-16 17:36:10[0m [W] [38;5;178;1mmarket[0m npm WARN optional SKIPPING OPTIONAL DEPENDENCY: esbuild-linux-riscv64@0.14.54 (node_modules/esbuild-linux-riscv64):
[38;5;8m2022-08-16 17:36:10[0m [W] [38;5;178;1mmarket[0m npm WARN notsup SKIPPING OPTIONAL DEPENDENCY: Unsupported platform for esbuild-linux-riscv64@0.14.54: wanted {"os":"linux","arch":"riscv64"} (current: {"os":"darwin","arch":"x64"})
[38;5;8m2022-08-16 17:36:10[0m [W] [38;5;178;1mmarket[0m npm WARN optional SKIPPING OPTIONAL DEPENDENCY: esbuild-linux-s390x@0.14.54 (node_modules/esbuild-linux-s390x):
[38;5;8m2022-08-16 17:36:10[0m [W] [38;5;178;1mmarket[0m npm WARN notsup SKIPPING OPTIONAL DEPENDENCY: Unsupported platform for esbuild-linux-s390x@0.14.54: wanted {"os":"linux","arch":"s390x"} (current: {"os":"darwin","arch":"x64"})
[38;5;8m2022-08-16 17:36:10[0m [W] [38;5;178;1mmarket[0m npm WARN optional SKIPPING OPTIONAL DEPENDENCY: esbuild-netbsd-64@0.14.54 (node_modules/esbuild-netbsd-64):
[38;5;8m2022-08-16 17:36:10[0m [W] [38;5;178;1mmarket[0m npm WARN notsup SKIPPING OPTIONAL DEPENDENCY: Unsupported platform for esbuild-netbsd-64@0.14.54: wanted {"os":"netbsd","arch":"x64"} (current: {"os":"darwin","arch":"x64"})
[38;5;8m2022-08-16 17:36:10[0m [W] [38;5;178;1mmarket[0m npm WARN optional SKIPPING OPTIONAL DEPENDENCY: esbuild-openbsd-64@0.14.54 (node_modules/esbuild-openbsd-64):
[38;5;8m2022-08-16 17:36:10[0m [W] [38;5;178;1mmarket[0m npm WARN notsup SKIPPING OPTIONAL DEPENDENCY: Unsupported platform for esbuild-openbsd-64@0.14.54: wanted {"os":"openbsd","arch":"x64"} (current: {"os":"darwin","arch":"x64"})
[38;5;8m2022-08-16 17:36:10[0m [W] [38;5;178;1mmarket[0m npm WARN optional SKIPPING OPTIONAL DEPENDENCY: esbuild-sunos-64@0.14.54 (node_modules/esbuild-sunos-64):
[38;5;8m2022-08-16 17:36:10[0m [W] [38;5;178;1mmarket[0m npm WARN notsup SKIPPING OPTIONAL DEPENDENCY: Unsupported platform for esbuild-sunos-64@0.14.54: wanted {"os":"sunos","arch":"x64"} (current: {"os":"darwin","arch":"x64"})
[38;5;8m2022-08-16 17:36:10[0m [W] [38;5;178;1mmarket[0m npm WARN optional SKIPPING OPTIONAL DEPENDENCY: esbuild-windows-32@0.14.54 (node_modules/esbuild-windows-32):
[38;5;8m2022-08-16 17:36:10[0m [W] [38;5;178;1mmarket[0m npm WARN notsup SKIPPING OPTIONAL DEPENDENCY: Unsupported platform for esbuild-windows-32@0.14.54: wanted {"os":"win32","arch":"ia32"} (current: {"os":"darwin","arch":"x64"})
[38;5;8m2022-08-16 17:36:10[0m [W] [38;5;178;1mmarket[0m npm WARN notsup SKIPPING OPTIONAL DEPENDENCY: Unsupported platform for esbuild-windows-64@0.14.54: wanted {"os":"win32","arch":"x64"} (current: {"os":"darwin","arch":"x64"})
[38;5;8m2022-08-16 17:36:10[0m [W] [38;5;178;1mmarket[0m npm WARN optional SKIPPING OPTIONAL DEPENDENCY: esbuild-windows-64@0.14.54 (node_modules/esbuild-windows-64):
[38;5;8m2022-08-16 17:36:10[0m [W] [38;5;178;1mmarket[0m npm WARN optional SKIPPING OPTIONAL DEPENDENCY: esbuild-windows-arm64@0.14.54 (node_modules/esbuild-windows-arm64):
[38;5;8m2022-08-16 17:36:10[0m [W] [38;5;178;1mmarket[0m npm WARN notsup SKIPPING OPTIONAL DEPENDENCY: Unsupported platform for esbuild-windows-arm64@0.14.54: wanted {"os":"win32","arch":"arm64"} (current: {"os":"darwin","arch":"x64"})
[38;5;8m2022-08-16 17:36:10[0m [I] [38;5;178;1mmarket[0m added 1 package from 1 contributor in 9.31s
[38;5;8m2022-08-16 17:36:11[0m [I] [38;5;178;1mmarket[0m 73 packages are looking for funding
[38;5;8m2022-08-16 17:36:11[0m [I] [38;5;178;1mmarket[0m   run `npm fund` for details
[38;5;8m2022-08-16 17:39:31[0m [I] [38;5;78;1mapp[0m apply plugin [38;5;78mgroup:0xwlfu[0m
[38;5;8m2022-08-16 17:39:37[0m [I] [38;5;78;1mapp[0m unload plugin [38;5;78mgroup:0xwlfu[0m
[38;5;8m2022-08-16 17:40:49[0m [W] [38;5;178;1mmarket[0m npm
[38;5;8m2022-08-16 17:40:49[0m [W] [38;5;178;1mmarket[0m WARN
[38;5;8m2022-08-16 17:40:49[0m [W] [38;5;178;1mmarket[0m @satorijs/components@0.3.3 requires a peer of @vueuse/core@^7.7.1 but none is installed. You must install peer dependencies yourself.
[38;5;8m2022-08-16 17:40:49[0m [W] [38;5;178;1mmarket[0m npm
[38;5;8m2022-08-16 17:40:49[0m [W] [38;5;178;1mmarket[0m WARN
[38;5;8m2022-08-16 17:40:49[0m [W] [38;5;178;1mmarket[0m optional
[38;5;8m2022-08-16 17:40:49[0m [W] [38;5;178;1mmarket[0m SKIPPING OPTIONAL DEPENDENCY: @esbuild/linux-loong64@0.14.54 (node_modules/@esbuild/linux-loong64):
[38;5;8m2022-08-16 17:40:49[0m [W] [38;5;178;1mmarket[0m npm
[38;5;8m2022-08-16 17:40:49[0m [W] [38;5;178;1mmarket[0m WARN
[38;5;8m2022-08-16 17:40:49[0m [W] [38;5;178;1mmarket[0m notsup
[38;5;8m2022-08-16 17:40:49[0m [W] [38;5;178;1mmarket[0m SKIPPING OPTIONAL DEPENDENCY: Unsupported platform for @esbuild/linux-loong64@0.14.54: wanted {"os":"linux","arch":"loong64"} (current: {"os":"darwin","arch":"x64"})
[38;5;8m2022-08-16 17:40:49[0m [W] [38;5;178;1mmarket[0m npm
[38;5;8m2022-08-16 17:40:49[0m [W] [38;5;178;1mmarket[0m WARN
[38;5;8m2022-08-16 17:40:49[0m [W] [38;5;178;1mmarket[0m optional
[38;5;8m2022-08-16 17:40:49[0m [W] [38;5;178;1mmarket[0m SKIPPING OPTIONAL DEPENDENCY: esbuild-android-64@0.14.54 (node_modules/esbuild-android-64):
[38;5;8m2022-08-16 17:40:49[0m [W] [38;5;178;1mmarket[0m npm WARN notsup SKIPPING OPTIONAL DEPENDENCY: Unsupported platform for esbuild-android-64@0.14.54: wanted {"os":"android","arch":"x64"} (current: {"os":"darwin","arch":"x64"})
[38;5;8m2022-08-16 17:40:49[0m [W] [38;5;178;1mmarket[0m npm
[38;5;8m2022-08-16 17:40:49[0m [W] [38;5;178;1mmarket[0m WARN optional SKIPPING OPTIONAL DEPENDENCY: esbuild-darwin-arm64@0.14.54 (node_modules/esbuild-darwin-arm64):
[38;5;8m2022-08-16 17:40:49[0m [W] [38;5;178;1mmarket[0m npm WARN notsup SKIPPING OPTIONAL DEPENDENCY: Unsupported platform for esbuild-darwin-arm64@0.14.54: wanted {"os":"darwin","arch":"arm64"} (current: {"os":"darwin","arch":"x64"})
[38;5;8m2022-08-16 17:40:49[0m [W] [38;5;178;1mmarket[0m npm WARN optional SKIPPING OPTIONAL DEPENDENCY: esbuild-android-arm64@0.14.54 (node_modules/esbuild-android-arm64):
[38;5;8m2022-08-16 17:40:49[0m [W] [38;5;178;1mmarket[0m npm WARN notsup SKIPPING OPTIONAL DEPENDENCY: Unsupported platform for esbuild-android-arm64@0.14.54: wanted {"os":"android","arch":"arm64"} (current: {"os":"darwin","arch":"x64"})
[38;5;8m2022-08-16 17:40:49[0m [W] [38;5;178;1mmarket[0m npm WARN optional SKIPPING OPTIONAL DEPENDENCY: esbuild-freebsd-64@0.14.54 (node_modules/esbuild-freebsd-64):
[38;5;8m2022-08-16 17:40:49[0m [W] [38;5;178;1mmarket[0m npm WARN notsup SKIPPING OPTIONAL DEPENDENCY: Unsupported platform for esbuild-freebsd-64@0.14.54: wanted {"os":"freebsd","arch":"x64"} (current: {"os":"darwin","arch":"x64"})
[38;5;8m2022-08-16 17:40:49[0m [W] [38;5;178;1mmarket[0m npm WARN optional SKIPPING OPTIONAL DEPENDENCY: esbuild-freebsd-arm64@0.14.54 (node_modules/esbuild-freebsd-arm64):
[38;5;8m2022-08-16 17:40:49[0m [W] [38;5;178;1mmarket[0m npm WARN notsup SKIPPING OPTIONAL DEPENDENCY: Unsupported platform for esbuild-freebsd-arm64@0.14.54: wanted {"os":"freebsd","arch":"arm64"} (current: {"os":"darwin","arch":"x64"})
[38;5;8m2022-08-16 17:40:49[0m [W] [38;5;178;1mmarket[0m npm WARN optional SKIPPING OPTIONAL DEPENDENCY: esbuild-linux-32@0.14.54 (node_modules/esbuild-linux-32):
[38;5;8m2022-08-16 17:40:49[0m [W] [38;5;178;1mmarket[0m npm WARN notsup SKIPPING OPTIONAL DEPENDENCY: Unsupported platform for esbuild-linux-32@0.14.54: wanted {"os":"linux","arch":"ia32"} (current: {"os":"darwin","arch":"x64"})
[38;5;8m2022-08-16 17:40:49[0m [W] [38;5;178;1mmarket[0m npm WARN optional SKIPPING OPTIONAL DEPENDENCY: esbuild-linux-arm64@0.14.54 (node_modules/esbuild-linux-arm64):
[38;5;8m2022-08-16 17:40:49[0m [W] [38;5;178;1mmarket[0m npm WARN notsup SKIPPING OPTIONAL DEPENDENCY: Unsupported platform for esbuild-linux-arm64@0.14.54: wanted {"os":"linux","arch":"arm64"} (current: {"os":"darwin","arch":"x64"})
[38;5;8m2022-08-16 17:40:49[0m [W] [38;5;178;1mmarket[0m npm WARN optional SKIPPING OPTIONAL DEPENDENCY: esbuild-linux-64@0.14.54 (node_modules/esbuild-linux-64):
[38;5;8m2022-08-16 17:40:49[0m [W] [38;5;178;1mmarket[0m npm WARN notsup SKIPPING OPTIONAL DEPENDENCY: Unsupported platform for esbuild-linux-64@0.14.54: wanted {"os":"linux","arch":"x64"} (current: {"os":"darwin","arch":"x64"})
[38;5;8m2022-08-16 17:40:49[0m [W] [38;5;178;1mmarket[0m npm WARN optional SKIPPING OPTIONAL DEPENDENCY: esbuild-linux-arm@0.14.54 (node_modules/esbuild-linux-arm):
[38;5;8m2022-08-16 17:40:49[0m [W] [38;5;178;1mmarket[0m npm WARN notsup SKIPPING OPTIONAL DEPENDENCY: Unsupported platform for esbuild-linux-arm@0.14.54: wanted {"os":"linux","arch":"arm"} (current: {"os":"darwin","arch":"x64"})
[38;5;8m2022-08-16 17:40:49[0m [W] [38;5;178;1mmarket[0m npm WARN optional SKIPPING OPTIONAL DEPENDENCY: esbuild-linux-mips64le@0.14.54 (node_modules/esbuild-linux-mips64le):
[38;5;8m2022-08-16 17:40:49[0m [W] [38;5;178;1mmarket[0m npm WARN
[38;5;8m2022-08-16 17:40:49[0m [W] [38;5;178;1mmarket[0m notsup SKIPPING OPTIONAL DEPENDENCY: Unsupported platform for esbuild-linux-mips64le@0.14.54: wanted {"os":"linux","arch":"mips64el"} (current: {"os":"darwin","arch":"x64"})
[38;5;8m2022-08-16 17:40:49[0m [W] [38;5;178;1mmarket[0m npm WARN optional SKIPPING OPTIONAL DEPENDENCY: esbuild-linux-ppc64le@0.14.54 (node_modules/esbuild-linux-ppc64le):
[38;5;8m2022-08-16 17:40:49[0m [W] [38;5;178;1mmarket[0m npm WARN notsup SKIPPING OPTIONAL DEPENDENCY: Unsupported platform for esbuild-linux-ppc64le@0.14.54: wanted {"os":"linux","arch":"ppc64"} (current: {"os":"darwin","arch":"x64"})
[38;5;8m2022-08-16 17:40:49[0m [W] [38;5;178;1mmarket[0m npm WARN optional SKIPPING OPTIONAL DEPENDENCY: esbuild-linux-riscv64@0.14.54 (node_modules/esbuild-linux-riscv64):
[38;5;8m2022-08-16 17:40:49[0m [W] [38;5;178;1mmarket[0m npm WARN notsup SKIPPING OPTIONAL DEPENDENCY: Unsupported platform for esbuild-linux-riscv64@0.14.54: wanted {"os":"linux","arch":"riscv64"} (current: {"os":"darwin","arch":"x64"})
[38;5;8m2022-08-16 17:40:49[0m [W] [38;5;178;1mmarket[0m npm WARN optional SKIPPING OPTIONAL DEPENDENCY: esbuild-linux-s390x@0.14.54 (node_modules/esbuild-linux-s390x):
[38;5;8m2022-08-16 17:40:49[0m [W] [38;5;178;1mmarket[0m npm WARN notsup SKIPPING OPTIONAL DEPENDENCY: Unsupported platform for esbuild-linux-s390x@0.14.54: wanted {"os":"linux","arch":"s390x"} (current: {"os":"darwin","arch":"x64"})
[38;5;8m2022-08-16 17:40:49[0m [W] [38;5;178;1mmarket[0m npm WARN optional SKIPPING OPTIONAL DEPENDENCY: esbuild-netbsd-64@0.14.54 (node_modules/esbuild-netbsd-64):
[38;5;8m2022-08-16 17:40:49[0m [W] [38;5;178;1mmarket[0m npm WARN notsup SKIPPING OPTIONAL DEPENDENCY: Unsupported platform for esbuild-netbsd-64@0.14.54: wanted {"os":"netbsd","arch":"x64"} (current: {"os":"darwin","arch":"x64"})
[38;5;8m2022-08-16 17:40:49[0m [W] [38;5;178;1mmarket[0m npm WARN optional SKIPPING OPTIONAL DEPENDENCY: esbuild-sunos-64@0.14.54 (node_modules/esbuild-sunos-64):
[38;5;8m2022-08-16 17:40:49[0m [W] [38;5;178;1mmarket[0m npm WARN notsup SKIPPING OPTIONAL DEPENDENCY: Unsupported platform for esbuild-sunos-64@0.14.54: wanted {"os":"sunos","arch":"x64"} (current: {"os":"darwin","arch":"x64"})
[38;5;8m2022-08-16 17:40:50[0m [W] [38;5;178;1mmarket[0m npm WARN optional SKIPPING OPTIONAL DEPENDENCY: esbuild-windows-64@0.14.54 (node_modules/esbuild-windows-64):
[38;5;8m2022-08-16 17:40:50[0m [W] [38;5;178;1mmarket[0m npm WARN notsup SKIPPING OPTIONAL DEPENDENCY: Unsupported platform for esbuild-windows-64@0.14.54: wanted {"os":"win32","arch":"x64"} (current: {"os":"darwin","arch":"x64"})
[38;5;8m2022-08-16 17:40:50[0m [W] [38;5;178;1mmarket[0m npm WARN optional SKIPPING OPTIONAL DEPENDENCY: esbuild-windows-32@0.14.54 (node_modules/esbuild-windows-32):
[38;5;8m2022-08-16 17:40:50[0m [W] [38;5;178;1mmarket[0m npm WARN notsup SKIPPING OPTIONAL DEPENDENCY: Unsupported platform for esbuild-windows-32@0.14.54: wanted {"os":"win32","arch":"ia32"} (current: {"os":"darwin","arch":"x64"})
[38;5;8m2022-08-16 17:40:50[0m [W] [38;5;178;1mmarket[0m npm WARN optional SKIPPING OPTIONAL DEPENDENCY: esbuild-openbsd-64@0.14.54 (node_modules/esbuild-openbsd-64):
[38;5;8m2022-08-16 17:40:50[0m [W] [38;5;178;1mmarket[0m npm WARN notsup SKIPPING OPTIONAL DEPENDENCY: Unsupported platform for esbuild-openbsd-64@0.14.54: wanted {"os":"openbsd","arch":"x64"} (current: {"os":"darwin","arch":"x64"})
[38;5;8m2022-08-16 17:40:50[0m [W] [38;5;178;1mmarket[0m npm WARN optional SKIPPING OPTIONAL DEPENDENCY: esbuild-windows-arm64@0.14.54 (node_modules/esbuild-windows-arm64):
[38;5;8m2022-08-16 17:40:50[0m [W] [38;5;178;1mmarket[0m npm WARN notsup SKIPPING OPTIONAL DEPENDENCY: Unsupported platform for esbuild-windows-arm64@0.14.54: wanted {"os":"win32","arch":"arm64"} (current: {"os":"darwin","arch":"x64"})
[38;5;8m2022-08-16 17:40:50[0m [I] [38;5;178;1mmarket[0m added 2 packages from 1 contributor in 9.858s
[38;5;8m2022-08-16 17:40:50[0m [I] [38;5;178;1mmarket[0m 73 packages are looking for funding
[38;5;8m2022-08-16 17:40:50[0m [I] [38;5;178;1mmarket[0m   run `npm fund` for details
[38;5;8m2022-08-16 17:41:43[0m [I] [38;5;78;1mapp[0m apply plugin [38;5;78mdialogue[0m
[38;5;8m2022-08-16 17:41:43[0m [W] [38;5;167;1mdiagnostic[0m plugin [38;5;167mdialogue[0m is missing required service [38;5;167mdatabase[0m
[38;5;8m2022-08-16 17:41:46[0m [I] [38;5;78;1mapp[0m unload plugin [38;5;78mdialogue[0m
[38;5;8m2022-08-16 17:42:26[0m [W] [38;5;178;1mmarket[0m WARN @satorijs/components@0.3.3 requires a peer of @vueuse/core@^7.7.1 but none is installed. You must install peer dependencies yourself.
[38;5;8m2022-08-16 17:42:26[0m [W] [38;5;178;1mmarket[0m npm
[38;5;8m2022-08-16 17:42:26[0m [W] [38;5;178;1mmarket[0m npm
[38;5;8m2022-08-16 17:42:26[0m [W] [38;5;178;1mmarket[0m WARN
[38;5;8m2022-08-16 17:42:26[0m [W] [38;5;178;1mmarket[0m optional
[38;5;8m2022-08-16 17:42:26[0m [W] [38;5;178;1mmarket[0m SKIPPING OPTIONAL DEPENDENCY: @esbuild/linux-loong64@0.14.54 (node_modules/@esbuild/linux-loong64):
[38;5;8m2022-08-16 17:42:26[0m [W] [38;5;178;1mmarket[0m npm
[38;5;8m2022-08-16 17:42:26[0m [W] [38;5;178;1mmarket[0m WARN
[38;5;8m2022-08-16 17:42:26[0m [W] [38;5;178;1mmarket[0m notsup
[38;5;8m2022-08-16 17:42:26[0m [W] [38;5;178;1mmarket[0m SKIPPING OPTIONAL DEPENDENCY: Unsupported platform for @esbuild/linux-loong64@0.14.54: wanted {"os":"linux","arch":"loong64"} (current: {"os":"darwin","arch":"x64"})
[38;5;8m2022-08-16 17:42:26[0m [W] [38;5;178;1mmarket[0m npm
[38;5;8m2022-08-16 17:42:26[0m [W] [38;5;178;1mmarket[0m WARN
[38;5;8m2022-08-16 17:42:26[0m [W] [38;5;178;1mmarket[0m optional
[38;5;8m2022-08-16 17:42:26[0m [W] [38;5;178;1mmarket[0m SKIPPING OPTIONAL DEPENDENCY: esbuild-android-64@0.14.54 (node_modules/esbuild-android-64):
[38;5;8m2022-08-16 17:42:26[0m [W] [38;5;178;1mmarket[0m npm
[38;5;8m2022-08-16 17:42:26[0m [W] [38;5;178;1mmarket[0m WARN
[38;5;8m2022-08-16 17:42:26[0m [W] [38;5;178;1mmarket[0m notsup SKIPPING OPTIONAL DEPENDENCY: Unsupported platform for esbuild-android-64@0.14.54: wanted {"os":"android","arch":"x64"} (current: {"os":"darwin","arch":"x64"})
[38;5;8m2022-08-16 17:42:26[0m [W] [38;5;178;1mmarket[0m npm WARN optional SKIPPING OPTIONAL DEPENDENCY: esbuild-android-arm64@0.14.54 (node_modules/esbuild-android-arm64):
[38;5;8m2022-08-16 17:42:26[0m [W] [38;5;178;1mmarket[0m npm WARN notsup SKIPPING OPTIONAL DEPENDENCY: Unsupported platform for esbuild-android-arm64@0.14.54: wanted {"os":"android","arch":"arm64"} (current: {"os":"darwin","arch":"x64"})
[38;5;8m2022-08-16 17:42:26[0m [W] [38;5;178;1mmarket[0m npm WARN optional SKIPPING OPTIONAL DEPENDENCY: esbuild-freebsd-64@0.14.54 (node_modules/esbuild-freebsd-64):
[38;5;8m2022-08-16 17:42:26[0m [W] [38;5;178;1mmarket[0m npm WARN notsup SKIPPING OPTIONAL DEPENDENCY: Unsupported platform for esbuild-freebsd-64@0.14.54: wanted {"os":"freebsd","arch":"x64"} (current: {"os":"darwin","arch":"x64"})
[38;5;8m2022-08-16 17:42:26[0m [W] [38;5;178;1mmarket[0m npm WARN optional SKIPPING OPTIONAL DEPENDENCY: esbuild-freebsd-arm64@0.14.54 (node_modules/esbuild-freebsd-arm64):
[38;5;8m2022-08-16 17:42:26[0m [W] [38;5;178;1mmarket[0m npm WARN notsup SKIPPING OPTIONAL DEPENDENCY: Unsupported platform for esbuild-freebsd-arm64@0.14.54: wanted {"os":"freebsd","arch":"arm64"} (current: {"os":"darwin","arch":"x64"})
[38;5;8m2022-08-16 17:42:26[0m [W] [38;5;178;1mmarket[0m npm WARN optional SKIPPING OPTIONAL DEPENDENCY: esbuild-linux-32@0.14.54 (node_modules/esbuild-linux-32):
[38;5;8m2022-08-16 17:42:26[0m [W] [38;5;178;1mmarket[0m npm WARN notsup SKIPPING OPTIONAL DEPENDENCY: Unsupported platform for esbuild-linux-32@0.14.54: wanted {"os":"linux","arch":"ia32"} (current: {"os":"darwin","arch":"x64"})
[38;5;8m2022-08-16 17:42:26[0m [W] [38;5;178;1mmarket[0m npm WARN optional SKIPPING OPTIONAL DEPENDENCY: esbuild-linux-64@0.14.54 (node_modules/esbuild-linux-64):
[38;5;8m2022-08-16 17:42:26[0m [W] [38;5;178;1mmarket[0m npm WARN notsup SKIPPING OPTIONAL DEPENDENCY: Unsupported platform for esbuild-linux-64@0.14.54: wanted {"os":"linux","arch":"x64"} (current: {"os":"darwin","arch":"x64"})
[38;5;8m2022-08-16 17:42:26[0m [W] [38;5;178;1mmarket[0m npm WARN optional SKIPPING OPTIONAL DEPENDENCY: esbuild-linux-arm@0.14.54 (node_modules/esbuild-linux-arm):
[38;5;8m2022-08-16 17:42:26[0m [W] [38;5;178;1mmarket[0m npm WARN notsup
[38;5;8m2022-08-16 17:42:26[0m [W] [38;5;178;1mmarket[0m SKIPPING OPTIONAL DEPENDENCY: Unsupported platform for esbuild-linux-arm@0.14.54: wanted {"os":"linux","arch":"arm"} (current: {"os":"darwin","arch":"x64"})
[38;5;8m2022-08-16 17:42:26[0m [W] [38;5;178;1mmarket[0m npm WARN optional
[38;5;8m2022-08-16 17:42:26[0m [W] [38;5;178;1mmarket[0m SKIPPING OPTIONAL DEPENDENCY: esbuild-darwin-arm64@0.14.54 (node_modules/esbuild-darwin-arm64):
[38;5;8m2022-08-16 17:42:26[0m [W] [38;5;178;1mmarket[0m npm WARN notsup SKIPPING OPTIONAL DEPENDENCY: Unsupported platform for esbuild-darwin-arm64@0.14.54: wanted {"os":"darwin","arch":"arm64"} (current: {"os":"darwin","arch":"x64"})
[38;5;8m2022-08-16 17:42:26[0m [W] [38;5;178;1mmarket[0m npm WARN optional SKIPPING OPTIONAL DEPENDENCY: esbuild-linux-arm64@0.14.54 (node_modules/esbuild-linux-arm64):
[38;5;8m2022-08-16 17:42:26[0m [W] [38;5;178;1mmarket[0m npm
[38;5;8m2022-08-16 17:42:26[0m [W] [38;5;178;1mmarket[0m WARN notsup SKIPPING OPTIONAL DEPENDENCY: Unsupported platform for esbuild-linux-arm64@0.14.54: wanted {"os":"linux","arch":"arm64"} (current: {"os":"darwin","arch":"x64"})
[38;5;8m2022-08-16 17:42:26[0m [W] [38;5;178;1mmarket[0m npm WARN optional SKIPPING OPTIONAL DEPENDENCY: esbuild-linux-ppc64le@0.14.54 (node_modules/esbuild-linux-ppc64le):
[38;5;8m2022-08-16 17:42:26[0m [W] [38;5;178;1mmarket[0m npm WARN notsup SKIPPING OPTIONAL DEPENDENCY: Unsupported platform for esbuild-linux-ppc64le@0.14.54: wanted {"os":"linux","arch":"ppc64"} (current: {"os":"darwin","arch":"x64"})
[38;5;8m2022-08-16 17:42:26[0m [W] [38;5;178;1mmarket[0m npm WARN optional SKIPPING OPTIONAL DEPENDENCY: esbuild-linux-s390x@0.14.54 (node_modules/esbuild-linux-s390x):
[38;5;8m2022-08-16 17:42:26[0m [W] [38;5;178;1mmarket[0m npm WARN notsup SKIPPING OPTIONAL DEPENDENCY: Unsupported platform for esbuild-linux-s390x@0.14.54: wanted {"os":"linux","arch":"s390x"} (current: {"os":"darwin","arch":"x64"})
[38;5;8m2022-08-16 17:42:26[0m [W] [38;5;178;1mmarket[0m npm WARN optional SKIPPING OPTIONAL DEPENDENCY: esbuild-netbsd-64@0.14.54 (node_modules/esbuild-netbsd-64):
[38;5;8m2022-08-16 17:42:26[0m [W] [38;5;178;1mmarket[0m npm WARN notsup SKIPPING OPTIONAL DEPENDENCY: Unsupported platform for esbuild-netbsd-64@0.14.54: wanted {"os":"netbsd","arch":"x64"} (current: {"os":"darwin","arch":"x64"})
[38;5;8m2022-08-16 17:42:26[0m [W] [38;5;178;1mmarket[0m npm
[38;5;8m2022-08-16 17:42:26[0m [W] [38;5;178;1mmarket[0m WARN optional SKIPPING OPTIONAL DEPENDENCY: esbuild-linux-riscv64@0.14.54 (node_modules/esbuild-linux-riscv64):
[38;5;8m2022-08-16 17:42:26[0m [W] [38;5;178;1mmarket[0m npm WARN notsup SKIPPING OPTIONAL DEPENDENCY: Unsupported platform for esbuild-linux-riscv64@0.14.54: wanted {"os":"linux","arch":"riscv64"} (current: {"os":"darwin","arch":"x64"})
[38;5;8m2022-08-16 17:42:27[0m [W] [38;5;178;1mmarket[0m npm WARN optional SKIPPING OPTIONAL DEPENDENCY: esbuild-sunos-64@0.14.54 (node_modules/esbuild-sunos-64):
[38;5;8m2022-08-16 17:42:27[0m [W] [38;5;178;1mmarket[0m npm WARN notsup SKIPPING OPTIONAL DEPENDENCY: Unsupported platform for esbuild-sunos-64@0.14.54: wanted {"os":"sunos","arch":"x64"} (current: {"os":"darwin","arch":"x64"})
[38;5;8m2022-08-16 17:42:27[0m [W] [38;5;178;1mmarket[0m npm WARN optional SKIPPING OPTIONAL DEPENDENCY: esbuild-linux-mips64le@0.14.54 (node_modules/esbuild-linux-mips64le):
[38;5;8m2022-08-16 17:42:27[0m [W] [38;5;178;1mmarket[0m npm WARN notsup SKIPPING OPTIONAL DEPENDENCY: Unsupported platform for esbuild-linux-mips64le@0.14.54: wanted {"os":"linux","arch":"mips64el"} (current: {"os":"darwin","arch":"x64"})
[38;5;8m2022-08-16 17:42:27[0m [W] [38;5;178;1mmarket[0m npm WARN optional SKIPPING OPTIONAL DEPENDENCY: esbuild-openbsd-64@0.14.54 (node_modules/esbuild-openbsd-64):
[38;5;8m2022-08-16 17:42:27[0m [W] [38;5;178;1mmarket[0m npm WARN notsup SKIPPING OPTIONAL DEPENDENCY: Unsupported platform for esbuild-openbsd-64@0.14.54: wanted {"os":"openbsd","arch":"x64"} (current: {"os":"darwin","arch":"x64"})
[38;5;8m2022-08-16 17:42:27[0m [W] [38;5;178;1mmarket[0m npm WARN optional SKIPPING OPTIONAL DEPENDENCY: esbuild-windows-64@0.14.54 (node_modules/esbuild-windows-64):
[38;5;8m2022-08-16 17:42:27[0m [W] [38;5;178;1mmarket[0m npm WARN notsup SKIPPING OPTIONAL DEPENDENCY: Unsupported platform for esbuild-windows-64@0.14.54: wanted {"os":"win32","arch":"x64"} (current: {"os":"darwin","arch":"x64"})
[38;5;8m2022-08-16 17:42:27[0m [W] [38;5;178;1mmarket[0m npm WARN optional SKIPPING OPTIONAL DEPENDENCY: esbuild-windows-arm64@0.14.54 (node_modules/esbuild-windows-arm64):
[38;5;8m2022-08-16 17:42:27[0m [W] [38;5;178;1mmarket[0m npm WARN notsup SKIPPING OPTIONAL DEPENDENCY: Unsupported platform for esbuild-windows-arm64@0.14.54: wanted {"os":"win32","arch":"arm64"} (current: {"os":"darwin","arch":"x64"})
[38;5;8m2022-08-16 17:42:27[0m [W] [38;5;178;1mmarket[0m npm WARN optional SKIPPING OPTIONAL DEPENDENCY: esbuild-windows-32@0.14.54 (node_modules/esbuild-windows-32):
[38;5;8m2022-08-16 17:42:27[0m [W] [38;5;178;1mmarket[0m npm WARN notsup SKIPPING OPTIONAL DEPENDENCY: Unsupported platform for esbuild-windows-32@0.14.54: wanted {"os":"win32","arch":"ia32"} (current: {"os":"darwin","arch":"x64"})
[38;5;8m2022-08-16 17:42:27[0m [I] [38;5;178;1mmarket[0m added 2 packages from 1 contributor in 9.122s
[38;5;8m2022-08-16 17:42:27[0m [I] [38;5;178;1mmarket[0m 73 packages are looking for funding
[38;5;8m2022-08-16 17:42:27[0m [I] [38;5;178;1mmarket[0m   run `npm fund` for details
[38;5;8m2022-08-16 17:42:42[0m [I] [38;5;78;1mapp[0m apply plugin [38;5;78mdatabase-memory[0m
[38;5;8m2022-08-16 17:42:54[0m [I] [38;5;78;1mapp[0m reload plugin [38;5;78mdatabase-memory[0m
[38;5;8m2022-08-16 17:42:58[0m [I] [38;5;78;1mapp[0m apply plugin [38;5;78mscene-training[0m
[38;5;8m2022-08-16 17:43:04[0m [W] [38;5;78;1mapp[0m duplicate plugin detected: undefined
[38;5;8m2022-08-16 17:43:04[0m [W] [38;5;78;1mapp[0m duplicate plugin detected: undefined
[38;5;8m2022-08-16 17:43:04[0m [I] [38;5;78;1mapp[0m reload plugin [38;5;78mscene-training[0m
[38;5;8m2022-08-16 17:43:04[0m [W] [38;5;78;1mapp[0m duplicate plugin detected: undefined
[38;5;8m2022-08-16 17:43:04[0m [W] [38;5;78;1mapp[0m duplicate plugin detected: undefined
[38;5;8m2022-08-16 17:43:36[0m [I] [38;5;78;1mapp[0m apply plugin [38;5;78mdialogue[0m
[38;5;8m2022-08-16 17:43:36[0m [W] [38;5;78;1mapp[0m duplicate plugin detected: dialogue
[38;5;8m2022-08-16 17:43:45[0m [W] [38;5;129;1msession[0m 手动阀
                        TypeError: Cannot read property 'replace' of undefined
                            at /Users/startsi/Documents/CodeSpace/nodejs/qqbot/qqbot-app/node_modules/koishi-plugin-scene-training/lib/plugins/RulesReply.js:11:201
                            at Array.map (<anonymous>)
                            at getAppelRegexp (/Users/startsi/Documents/CodeSpace/nodejs/qqbot/qqbot-app/node_modules/koishi-plugin-scene-training/lib/plugins/RulesReply.js:11:184)
                            at /Users/startsi/Documents/CodeSpace/nodejs/qqbot/qqbot-app/node_modules/koishi-plugin-scene-training/lib/plugins/RulesReply.js:24:29
                            at next (/Users/startsi/Documents/CodeSpace/nodejs/qqbot/qqbot-app/node_modules/@koishijs/core/lib/index.cjs:1020:69)
                        Middleware stack:
                          - /Users/startsi/Documents/CodeSpace/nodejs/qqbot/qqbot-app/node_modules/@koishijs/plugin-suggest/lib/index.js:132:16
                          - /Users/startsi/Documents/CodeSpace/nodejs/qqbot/qqbot-app/node_modules/@koishijs/core/lib/index.cjs:931:16
                          - /Users/startsi/Documents/CodeSpace/nodejs/qqbot/qqbot-app/node_modules/@koishijs/core/lib/index.cjs:990:12
[38;5;8m2022-08-16 17:43:50[0m [W] [38;5;129;1msession[0m s d f
                        TypeError: Cannot read property 'replace' of undefined
                            at /Users/startsi/Documents/CodeSpace/nodejs/qqbot/qqbot-app/node_modules/koishi-plugin-scene-training/lib/plugins/RulesReply.js:11:201
                            at Array.map (<anonymous>)
                            at getAppelRegexp (/Users/startsi/Documents/CodeSpace/nodejs/qqbot/qqbot-app/node_modules/koishi-plugin-scene-training/lib/plugins/RulesReply.js:11:184)
                            at /Users/startsi/Documents/CodeSpace/nodejs/qqbot/qqbot-app/node_modules/koishi-plugin-scene-training/lib/plugins/RulesReply.js:24:29
                            at next (/Users/startsi/Documents/CodeSpace/nodejs/qqbot/qqbot-app/node_modules/@koishijs/core/lib/index.cjs:1020:69)
                        Middleware stack:
                          - /Users/startsi/Documents/CodeSpace/nodejs/qqbot/qqbot-app/node_modules/@koishijs/plugin-suggest/lib/index.js:132:16
                          - /Users/startsi/Documents/CodeSpace/nodejs/qqbot/qqbot-app/node_modules/@koishijs/core/lib/index.cjs:931:16
                          - /Users/startsi/Documents/CodeSpace/nodejs/qqbot/qqbot-app/node_modules/@koishijs/core/lib/index.cjs:990:12
[38;5;8m2022-08-16 17:43:51[0m [W] [38;5;129;1msession[0m sdf
                        TypeError: Cannot read property 'replace' of undefined
                            at /Users/startsi/Documents/CodeSpace/nodejs/qqbot/qqbot-app/node_modules/koishi-plugin-scene-training/lib/plugins/RulesReply.js:11:201
                            at Array.map (<anonymous>)
                            at getAppelRegexp (/Users/startsi/Documents/CodeSpace/nodejs/qqbot/qqbot-app/node_modules/koishi-plugin-scene-training/lib/plugins/RulesReply.js:11:184)
                            at /Users/startsi/Documents/CodeSpace/nodejs/qqbot/qqbot-app/node_modules/koishi-plugin-scene-training/lib/plugins/RulesReply.js:24:29
                            at next (/Users/startsi/Documents/CodeSpace/nodejs/qqbot/qqbot-app/node_modules/@koishijs/core/lib/index.cjs:1020:69)
                        Middleware stack:
                          - /Users/startsi/Documents/CodeSpace/nodejs/qqbot/qqbot-app/node_modules/@koishijs/plugin-suggest/lib/index.js:132:16
                          - /Users/startsi/Documents/CodeSpace/nodejs/qqbot/qqbot-app/node_modules/@koishijs/core/lib/index.cjs:931:16
                          - /Users/startsi/Documents/CodeSpace/nodejs/qqbot/qqbot-app/node_modules/@koishijs/core/lib/index.cjs:990:12
[38;5;8m2022-08-16 17:43:55[0m [W] [38;5;129;1msession[0m d
                        TypeError: Cannot read property 'replace' of undefined
                            at /Users/startsi/Documents/CodeSpace/nodejs/qqbot/qqbot-app/node_modules/koishi-plugin-scene-training/lib/plugins/RulesReply.js:11:201
                            at Array.map (<anonymous>)
                            at getAppelRegexp (/Users/startsi/Documents/CodeSpace/nodejs/qqbot/qqbot-app/node_modules/koishi-plugin-scene-training/lib/plugins/RulesReply.js:11:184)
                            at /Users/startsi/Documents/CodeSpace/nodejs/qqbot/qqbot-app/node_modules/koishi-plugin-scene-training/lib/plugins/RulesReply.js:24:29
                            at next (/Users/startsi/Documents/CodeSpace/nodejs/qqbot/qqbot-app/node_modules/@koishijs/core/lib/index.cjs:1020:69)
                        Middleware stack:
                          - /Users/startsi/Documents/CodeSpace/nodejs/qqbot/qqbot-app/node_modules/@koishijs/plugin-suggest/lib/index.js:132:16
                          - /Users/startsi/Documents/CodeSpace/nodejs/qqbot/qqbot-app/node_modules/@koishijs/core/lib/index.cjs:931:16
                          - /Users/startsi/Documents/CodeSpace/nodejs/qqbot/qqbot-app/node_modules/@koishijs/core/lib/index.cjs:990:12
[38;5;8m2022-08-16 17:43:57[0m [W] [38;5;129;1msession[0m dd
                        TypeError: Cannot read property 'replace' of undefined
                            at /Users/startsi/Documents/CodeSpace/nodejs/qqbot/qqbot-app/node_modules/koishi-plugin-scene-training/lib/plugins/RulesReply.js:11:201
                            at Array.map (<anonymous>)
                            at getAppelRegexp (/Users/startsi/Documents/CodeSpace/nodejs/qqbot/qqbot-app/node_modules/koishi-plugin-scene-training/lib/plugins/RulesReply.js:11:184)
                            at /Users/startsi/Documents/CodeSpace/nodejs/qqbot/qqbot-app/node_modules/koishi-plugin-scene-training/lib/plugins/RulesReply.js:24:29
                            at next (/Users/startsi/Documents/CodeSpace/nodejs/qqbot/qqbot-app/node_modules/@koishijs/core/lib/index.cjs:1020:69)
                        Middleware stack:
                          - /Users/startsi/Documents/CodeSpace/nodejs/qqbot/qqbot-app/node_modules/@koishijs/plugin-suggest/lib/index.js:132:16
                          - /Users/startsi/Documents/CodeSpace/nodejs/qqbot/qqbot-app/node_modules/@koishijs/core/lib/index.cjs:931:16
                          - /Users/startsi/Documents/CodeSpace/nodejs/qqbot/qqbot-app/node_modules/@koishijs/core/lib/index.cjs:990:12
[38;5;8m2022-08-16 17:43:58[0m [W] [38;5;129;1msession[0m q
                        TypeError: Cannot read property 'replace' of undefined
                            at /Users/startsi/Documents/CodeSpace/nodejs/qqbot/qqbot-app/node_modules/koishi-plugin-scene-training/lib/plugins/RulesReply.js:11:201
                            at Array.map (<anonymous>)
                            at getAppelRegexp (/Users/startsi/Documents/CodeSpace/nodejs/qqbot/qqbot-app/node_modules/koishi-plugin-scene-training/lib/plugins/RulesReply.js:11:184)
                            at /Users/startsi/Documents/CodeSpace/nodejs/qqbot/qqbot-app/node_modules/koishi-plugin-scene-training/lib/plugins/RulesReply.js:24:29
                            at next (/Users/startsi/Documents/CodeSpace/nodejs/qqbot/qqbot-app/node_modules/@koishijs/core/lib/index.cjs:1020:69)
                        Middleware stack:
                          - /Users/startsi/Documents/CodeSpace/nodejs/qqbot/qqbot-app/node_modules/@koishijs/plugin-suggest/lib/index.js:132:16
                          - /Users/startsi/Documents/CodeSpace/nodejs/qqbot/qqbot-app/node_modules/@koishijs/core/lib/index.cjs:931:16
                          - /Users/startsi/Documents/CodeSpace/nodejs/qqbot/qqbot-app/node_modules/@koishijs/core/lib/index.cjs:990:12
[38;5;8m2022-08-16 17:43:59[0m [W] [38;5;129;1msession[0m ewq
                        TypeError: Cannot read property 'replace' of undefined
                            at /Users/startsi/Documents/CodeSpace/nodejs/qqbot/qqbot-app/node_modules/koishi-plugin-scene-training/lib/plugins/RulesReply.js:11:201
                            at Array.map (<anonymous>)
                            at getAppelRegexp (/Users/startsi/Documents/CodeSpace/nodejs/qqbot/qqbot-app/node_modules/koishi-plugin-scene-training/lib/plugins/RulesReply.js:11:184)
                            at /Users/startsi/Documents/CodeSpace/nodejs/qqbot/qqbot-app/node_modules/koishi-plugin-scene-training/lib/plugins/RulesReply.js:24:29
                            at next (/Users/startsi/Documents/CodeSpace/nodejs/qqbot/qqbot-app/node_modules/@koishijs/core/lib/index.cjs:1020:69)
                        Middleware stack:
                          - /Users/startsi/Documents/CodeSpace/nodejs/qqbot/qqbot-app/node_modules/@koishijs/plugin-suggest/lib/index.js:132:16
                          - /Users/startsi/Documents/CodeSpace/nodejs/qqbot/qqbot-app/node_modules/@koishijs/core/lib/index.cjs:931:16
                          - /Users/startsi/Documents/CodeSpace/nodejs/qqbot/qqbot-app/node_modules/@koishijs/core/lib/index.cjs:990:12
[38;5;8m2022-08-16 17:44:00[0m [W] [38;5;129;1msession[0m eqwe
                        TypeError: Cannot read property 'replace' of undefined
                            at /Users/startsi/Documents/CodeSpace/nodejs/qqbot/qqbot-app/node_modules/koishi-plugin-scene-training/lib/plugins/RulesReply.js:11:201
                            at Array.map (<anonymous>)
                            at getAppelRegexp (/Users/startsi/Documents/CodeSpace/nodejs/qqbot/qqbot-app/node_modules/koishi-plugin-scene-training/lib/plugins/RulesReply.js:11:184)
                            at /Users/startsi/Documents/CodeSpace/nodejs/qqbot/qqbot-app/node_modules/koishi-plugin-scene-training/lib/plugins/RulesReply.js:24:29
                            at next (/Users/startsi/Documents/CodeSpace/nodejs/qqbot/qqbot-app/node_modules/@koishijs/core/lib/index.cjs:1020:69)
                        Middleware stack:
                          - /Users/startsi/Documents/CodeSpace/nodejs/qqbot/qqbot-app/node_modules/@koishijs/plugin-suggest/lib/index.js:132:16
                          - /Users/startsi/Documents/CodeSpace/nodejs/qqbot/qqbot-app/node_modules/@koishijs/core/lib/index.cjs:931:16
                          - /Users/startsi/Documents/CodeSpace/nodejs/qqbot/qqbot-app/node_modules/@koishijs/core/lib/index.cjs:990:12
[38;5;8m2022-08-16 17:44:00[0m [W] [38;5;129;1msession[0m qwe
                        TypeError: Cannot read property 'replace' of undefined
                            at /Users/startsi/Documents/CodeSpace/nodejs/qqbot/qqbot-app/node_modules/koishi-plugin-scene-training/lib/plugins/RulesReply.js:11:201
                            at Array.map (<anonymous>)
                            at getAppelRegexp (/Users/startsi/Documents/CodeSpace/nodejs/qqbot/qqbot-app/node_modules/koishi-plugin-scene-training/lib/plugins/RulesReply.js:11:184)
                            at /Users/startsi/Documents/CodeSpace/nodejs/qqbot/qqbot-app/node_modules/koishi-plugin-scene-training/lib/plugins/RulesReply.js:24:29
                            at next (/Users/startsi/Documents/CodeSpace/nodejs/qqbot/qqbot-app/node_modules/@koishijs/core/lib/index.cjs:1020:69)
                        Middleware stack:
                          - /Users/startsi/Documents/CodeSpace/nodejs/qqbot/qqbot-app/node_modules/@koishijs/plugin-suggest/lib/index.js:132:16
                          - /Users/startsi/Documents/CodeSpace/nodejs/qqbot/qqbot-app/node_modules/@koishijs/core/lib/index.cjs:931:16
                          - /Users/startsi/Documents/CodeSpace/nodejs/qqbot/qqbot-app/node_modules/@koishijs/core/lib/index.cjs:990:12
[38;5;8m2022-08-16 17:45:40[0m [W] [38;5;178;1mmarket[0m npm WARN @satorijs/components@0.3.3 requires a peer of @vueuse/core@^7.7.1 but none is installed. You must install peer dependencies yourself.
[38;5;8m2022-08-16 17:45:40[0m [W] [38;5;178;1mmarket[0m npm WARN notsup SKIPPING OPTIONAL DEPENDENCY: Unsupported platform for @esbuild/linux-loong64@0.14.54: wanted {"os":"linux","arch":"loong64"} (current: {"os":"darwin","arch":"x64"})
[38;5;8m2022-08-16 17:45:40[0m [W] [38;5;178;1mmarket[0m npm WARN optional SKIPPING OPTIONAL DEPENDENCY: @esbuild/linux-loong64@0.14.54 (node_modules/@esbuild/linux-loong64):
[38;5;8m2022-08-16 17:45:40[0m [W] [38;5;178;1mmarket[0m npm WARN notsup SKIPPING OPTIONAL DEPENDENCY: Unsupported platform for esbuild-android-64@0.14.54: wanted {"os":"android","arch":"x64"} (current: {"os":"darwin","arch":"x64"})
[38;5;8m2022-08-16 17:45:40[0m [W] [38;5;178;1mmarket[0m npm WARN optional SKIPPING OPTIONAL DEPENDENCY: esbuild-android-64@0.14.54 (node_modules/esbuild-android-64):
[38;5;8m2022-08-16 17:45:40[0m [W] [38;5;178;1mmarket[0m npm WARN optional SKIPPING OPTIONAL DEPENDENCY: esbuild-darwin-arm64@0.14.54 (node_modules/esbuild-darwin-arm64):
[38;5;8m2022-08-16 17:45:40[0m [W] [38;5;178;1mmarket[0m npm WARN notsup SKIPPING OPTIONAL DEPENDENCY: Unsupported platform for esbuild-darwin-arm64@0.14.54: wanted {"os":"darwin","arch":"arm64"} (current: {"os":"darwin","arch":"x64"})
[38;5;8m2022-08-16 17:45:40[0m [W] [38;5;178;1mmarket[0m npm WARN optional SKIPPING OPTIONAL DEPENDENCY: esbuild-android-arm64@0.14.54 (node_modules/esbuild-android-arm64):
[38;5;8m2022-08-16 17:45:40[0m [W] [38;5;178;1mmarket[0m npm WARN notsup SKIPPING OPTIONAL DEPENDENCY: Unsupported platform for esbuild-android-arm64@0.14.54: wanted {"os":"android","arch":"arm64"} (current: {"os":"darwin","arch":"x64"})
[38;5;8m2022-08-16 17:45:40[0m [W] [38;5;178;1mmarket[0m npm
[38;5;8m2022-08-16 17:45:40[0m [W] [38;5;178;1mmarket[0m WARN
[38;5;8m2022-08-16 17:45:40[0m [W] [38;5;178;1mmarket[0m optional SKIPPING OPTIONAL DEPENDENCY: esbuild-freebsd-64@0.14.54 (node_modules/esbuild-freebsd-64):
[38;5;8m2022-08-16 17:45:40[0m [W] [38;5;178;1mmarket[0m npm WARN notsup SKIPPING OPTIONAL DEPENDENCY: Unsupported platform for esbuild-freebsd-64@0.14.54: wanted {"os":"freebsd","arch":"x64"} (current: {"os":"darwin","arch":"x64"})
[38;5;8m2022-08-16 17:45:40[0m [W] [38;5;178;1mmarket[0m npm WARN optional SKIPPING OPTIONAL DEPENDENCY: esbuild-freebsd-arm64@0.14.54 (node_modules/esbuild-freebsd-arm64):
[38;5;8m2022-08-16 17:45:40[0m [W] [38;5;178;1mmarket[0m npm WARN notsup SKIPPING OPTIONAL DEPENDENCY: Unsupported platform for esbuild-freebsd-arm64@0.14.54: wanted {"os":"freebsd","arch":"arm64"} (current: {"os":"darwin","arch":"x64"})
[38;5;8m2022-08-16 17:45:40[0m [W] [38;5;178;1mmarket[0m npm WARN optional SKIPPING OPTIONAL DEPENDENCY: esbuild-linux-arm@0.14.54 (node_modules/esbuild-linux-arm):
[38;5;8m2022-08-16 17:45:40[0m [W] [38;5;178;1mmarket[0m npm WARN notsup SKIPPING OPTIONAL DEPENDENCY: Unsupported platform for esbuild-linux-arm@0.14.54: wanted {"os":"linux","arch":"arm"} (current: {"os":"darwin","arch":"x64"})
[38;5;8m2022-08-16 17:45:40[0m [W] [38;5;178;1mmarket[0m npm WARN optional SKIPPING OPTIONAL DEPENDENCY: esbuild-linux-32@0.14.54 (node_modules/esbuild-linux-32):
[38;5;8m2022-08-16 17:45:41[0m [W] [38;5;178;1mmarket[0m npm WARN notsup SKIPPING OPTIONAL DEPENDENCY: Unsupported platform for esbuild-linux-32@0.14.54: wanted {"os":"linux","arch":"ia32"} (current: {"os":"darwin","arch":"x64"})
[38;5;8m2022-08-16 17:45:41[0m [W] [38;5;178;1mmarket[0m npm WARN optional SKIPPING OPTIONAL DEPENDENCY: esbuild-linux-mips64le@0.14.54 (node_modules/esbuild-linux-mips64le):
[38;5;8m2022-08-16 17:45:41[0m [W] [38;5;178;1mmarket[0m npm WARN notsup SKIPPING OPTIONAL DEPENDENCY: Unsupported platform for esbuild-linux-mips64le@0.14.54: wanted {"os":"linux","arch":"mips64el"} (current: {"os":"darwin","arch":"x64"})
[38;5;8m2022-08-16 17:45:41[0m [W] [38;5;178;1mmarket[0m npm WARN optional SKIPPING OPTIONAL DEPENDENCY: esbuild-linux-arm64@0.14.54 (node_modules/esbuild-linux-arm64):
[38;5;8m2022-08-16 17:45:41[0m [W] [38;5;178;1mmarket[0m npm WARN notsup SKIPPING OPTIONAL DEPENDENCY: Unsupported platform for esbuild-linux-arm64@0.14.54: wanted {"os":"linux","arch":"arm64"} (current: {"os":"darwin","arch":"x64"})
[38;5;8m2022-08-16 17:45:41[0m [W] [38;5;178;1mmarket[0m npm WARN optional SKIPPING OPTIONAL DEPENDENCY: esbuild-linux-ppc64le@0.14.54 (node_modules/esbuild-linux-ppc64le):
[38;5;8m2022-08-16 17:45:41[0m [W] [38;5;178;1mmarket[0m npm WARN notsup SKIPPING OPTIONAL DEPENDENCY: Unsupported platform for esbuild-linux-ppc64le@0.14.54: wanted {"os":"linux","arch":"ppc64"} (current: {"os":"darwin","arch":"x64"})
[38;5;8m2022-08-16 17:45:41[0m [W] [38;5;178;1mmarket[0m npm WARN optional SKIPPING OPTIONAL DEPENDENCY: esbuild-linux-riscv64@0.14.54 (node_modules/esbuild-linux-riscv64):
[38;5;8m2022-08-16 17:45:41[0m [W] [38;5;178;1mmarket[0m npm WARN notsup SKIPPING OPTIONAL DEPENDENCY: Unsupported platform for esbuild-linux-riscv64@0.14.54: wanted {"os":"linux","arch":"riscv64"} (current: {"os":"darwin","arch":"x64"})
[38;5;8m2022-08-16 17:45:41[0m [W] [38;5;178;1mmarket[0m npm WARN optional SKIPPING OPTIONAL DEPENDENCY: esbuild-linux-s390x@0.14.54 (node_modules/esbuild-linux-s390x):
[38;5;8m2022-08-16 17:45:41[0m [W] [38;5;178;1mmarket[0m npm WARN notsup SKIPPING OPTIONAL DEPENDENCY: Unsupported platform for esbuild-linux-s390x@0.14.54: wanted {"os":"linux","arch":"s390x"} (current: {"os":"darwin","arch":"x64"})
[38;5;8m2022-08-16 17:45:41[0m [W] [38;5;178;1mmarket[0m npm WARN
[38;5;8m2022-08-16 17:45:41[0m [W] [38;5;178;1mmarket[0m optional SKIPPING OPTIONAL DEPENDENCY: esbuild-netbsd-64@0.14.54 (node_modules/esbuild-netbsd-64):
[38;5;8m2022-08-16 17:45:41[0m [W] [38;5;178;1mmarket[0m npm WARN notsup SKIPPING OPTIONAL DEPENDENCY: Unsupported platform for esbuild-netbsd-64@0.14.54: wanted {"os":"netbsd","arch":"x64"} (current: {"os":"darwin","arch":"x64"})
[38;5;8m2022-08-16 17:45:41[0m [W] [38;5;178;1mmarket[0m npm WARN optional SKIPPING OPTIONAL DEPENDENCY: esbuild-openbsd-64@0.14.54 (node_modules/esbuild-openbsd-64):
[38;5;8m2022-08-16 17:45:41[0m [W] [38;5;178;1mmarket[0m npm WARN notsup SKIPPING OPTIONAL DEPENDENCY: Unsupported platform for esbuild-openbsd-64@0.14.54: wanted {"os":"openbsd","arch":"x64"} (current: {"os":"darwin","arch":"x64"})
[38;5;8m2022-08-16 17:45:41[0m [W] [38;5;178;1mmarket[0m npm WARN optional SKIPPING OPTIONAL DEPENDENCY: esbuild-sunos-64@0.14.54 (node_modules/esbuild-sunos-64):
[38;5;8m2022-08-16 17:45:41[0m [W] [38;5;178;1mmarket[0m npm WARN notsup SKIPPING OPTIONAL DEPENDENCY: Unsupported platform for esbuild-sunos-64@0.14.54: wanted {"os":"sunos","arch":"x64"} (current: {"os":"darwin","arch":"x64"})
[38;5;8m2022-08-16 17:45:41[0m [W] [38;5;178;1mmarket[0m npm WARN optional SKIPPING OPTIONAL DEPENDENCY: esbuild-windows-32@0.14.54 (node_modules/esbuild-windows-32):
[38;5;8m2022-08-16 17:45:41[0m [W] [38;5;178;1mmarket[0m npm WARN notsup SKIPPING OPTIONAL DEPENDENCY: Unsupported platform for esbuild-windows-32@0.14.54: wanted {"os":"win32","arch":"ia32"} (current: {"os":"darwin","arch":"x64"})
[38;5;8m2022-08-16 17:45:41[0m [W] [38;5;178;1mmarket[0m npm WARN optional SKIPPING OPTIONAL DEPENDENCY: esbuild-windows-64@0.14.54 (node_modules/esbuild-windows-64):
[38;5;8m2022-08-16 17:45:41[0m [W] [38;5;178;1mmarket[0m npm WARN notsup SKIPPING OPTIONAL DEPENDENCY: Unsupported platform for esbuild-windows-64@0.14.54: wanted {"os":"win32","arch":"x64"} (current: {"os":"darwin","arch":"x64"})
[38;5;8m2022-08-16 17:45:41[0m [W] [38;5;178;1mmarket[0m npm WARN optional SKIPPING OPTIONAL DEPENDENCY: esbuild-windows-arm64@0.14.54 (node_modules/esbuild-windows-arm64):
[38;5;8m2022-08-16 17:45:41[0m [W] [38;5;178;1mmarket[0m npm WARN notsup SKIPPING OPTIONAL DEPENDENCY: Unsupported platform for esbuild-windows-arm64@0.14.54: wanted {"os":"win32","arch":"arm64"} (current: {"os":"darwin","arch":"x64"})
[38;5;8m2022-08-16 17:45:41[0m [W] [38;5;178;1mmarket[0m npm WARN optional SKIPPING OPTIONAL DEPENDENCY: esbuild-linux-64@0.14.54 (node_modules/esbuild-linux-64):
[38;5;8m2022-08-16 17:45:41[0m [W] [38;5;178;1mmarket[0m npm WARN notsup SKIPPING OPTIONAL DEPENDENCY: Unsupported platform for esbuild-linux-64@0.14.54: wanted {"os":"linux","arch":"x64"} (current: {"os":"darwin","arch":"x64"})
[38;5;8m2022-08-16 17:45:41[0m [I] [38;5;178;1mmarket[0m added 1 package from 1 contributor in 9.384s
[38;5;8m2022-08-16 17:45:41[0m [I] [38;5;178;1mmarket[0m   run `npm fund` for details
[38;5;8m2022-08-16 17:45:41[0m [I] [38;5;178;1mmarket[0m 73 packages are looking for funding
[38;5;8m2022-08-16 17:45:59[0m [I] [38;5;78;1mapp[0m apply plugin [38;5;78mtwdne[0m
