[38;5;8m2023-05-25 16:48:31[0m [I] [38;5;78;1mapp[0m [38;5;15;1mKoishi/4.13.0[0m
[38;5;8m2023-05-25 16:48:31[0m [I] [38;5;78;1mapp[0m apply plugin [38;5;78mgroup:entry[0m
[38;5;8m2023-05-25 16:48:31[0m [I] [38;5;78;1mapp[0m apply plugin [38;5;78mgroup:basic[0m
[38;5;8m2023-05-25 16:48:31[0m [I] [38;5;78;1mapp[0m apply plugin [38;5;78mcommands[0m
[38;5;8m2023-05-25 16:48:31[0m [I] [38;5;78;1mapp[0m apply plugin [38;5;78mhelp[0m
[38;5;8m2023-05-25 16:48:31[0m [I] [38;5;78;1mapp[0m apply plugin [38;5;78mlocales[0m
[38;5;8m2023-05-25 16:48:31[0m [I] [38;5;78;1mapp[0m apply plugin [38;5;78mrate-limit[0m
[38;5;8m2023-05-25 16:48:31[0m [I] [38;5;78;1mapp[0m apply plugin [38;5;78mgroup:console[0m
[38;5;8m2023-05-25 16:48:31[0m [I] [38;5;78;1mapp[0m apply plugin [38;5;78manalytics[0m
[38;5;8m2023-05-25 16:48:31[0m [I] [38;5;78;1mapp[0m apply plugin [38;5;78mconfig[0m
[38;5;8m2023-05-25 16:48:31[0m [I] [38;5;78;1mapp[0m apply plugin [38;5;78mconsole[0m
[38;5;8m2023-05-25 16:48:31[0m [I] [38;5;78;1mapp[0m apply plugin [38;5;78mexplorer[0m
[38;5;8m2023-05-25 16:48:31[0m [I] [38;5;78;1mapp[0m apply plugin [38;5;78mdataview[0m
[38;5;8m2023-05-25 16:48:31[0m [I] [38;5;78;1mapp[0m apply plugin [38;5;78mlogger[0m
[38;5;8m2023-05-25 16:48:31[0m [I] [38;5;78;1mapp[0m apply plugin [38;5;78minsight[0m
[38;5;8m2023-05-25 16:48:31[0m [I] [38;5;78;1mapp[0m apply plugin [38;5;78mmarket[0m
[38;5;8m2023-05-25 16:48:31[0m [I] [38;5;78;1mapp[0m apply plugin [38;5;78msandbox[0m
[38;5;8m2023-05-25 16:48:31[0m [I] [38;5;78;1mapp[0m apply plugin [38;5;78mstatus[0m
[38;5;8m2023-05-25 16:48:31[0m [I] [38;5;78;1mapp[0m apply plugin [38;5;78mtheme-vanilla[0m
[38;5;8m2023-05-25 16:48:31[0m [I] [38;5;78;1mapp[0m apply plugin [38;5;78mgroup:storage[0m
[38;5;8m2023-05-25 16:48:31[0m [I] [38;5;78;1mapp[0m apply plugin [38;5;78mdatabase-sqlite[0m
[38;5;8m2023-05-25 16:48:32[0m [I] [38;5;78;1mapp[0m apply plugin [38;5;78massets-local[0m
[38;5;8m2023-05-25 16:48:32[0m [I] [38;5;78;1mapp[0m apply plugin [38;5;78mgroup:adapter[0m
[38;5;8m2023-05-25 16:48:32[0m [I] [38;5;78;1mapp[0m apply plugin [38;5;78mgocqhttp[0m
[38;5;8m2023-05-25 16:48:32[0m [I] [38;5;204;1massets[0m missing config "selfUrl", fallback to "file:" scheme
[38;5;8m2023-05-25 16:48:32[0m [I] [38;5;78;1mapp[0m server listening at [38;5;78mhttp://127.0.0.1:5140[0m
[38;5;8m2023-05-25 16:48:33[0m [I] [38;5;209;1msqlite[0m auto creating table [38;5;209muser[0m
[38;5;8m2023-05-25 16:48:33[0m [I] [38;5;209;1msqlite[0m auto creating table [38;5;209mbinding[0m
[38;5;8m2023-05-25 16:48:33[0m [I] [38;5;209;1msqlite[0m auto creating table [38;5;209mchannel[0m
[38;5;8m2023-05-25 16:48:33[0m [I] [38;5;209;1msqlite[0m auto creating table [38;5;209mstats_daily[0m
[38;5;8m2023-05-25 16:48:33[0m [I] [38;5;209;1msqlite[0m auto creating table [38;5;209mstats_hourly[0m
[38;5;8m2023-05-25 16:48:33[0m [I] [38;5;209;1msqlite[0m auto creating table [38;5;209mstats_longterm[0m
[38;5;8m2023-05-25 16:48:33[0m [W] [38;5;178;1mmarket[0m Error: read ECONNRESET
                            at AxiosError.from (/Users/startsi/Documents/CodeSpace/nodejs/qqbot-app/node_modules/axios/dist/node/axios.cjs:725:14)
                            at RedirectableRequest.handleRequestError (/Users/startsi/Documents/CodeSpace/nodejs/qqbot-app/node_modules/axios/dist/node/axios.cjs:2467:25)
                            at RedirectableRequest.emit (node:events:525:35)
                            at eventHandlers.<computed> (/Users/startsi/Documents/CodeSpace/nodejs/qqbot-app/node_modules/follow-redirects/index.js:14:24)
                            at ClientRequest.emit (node:events:513:28)
                            at TLSSocket.socketErrorListener (node:_http_client:502:9)
                            at TLSSocket.emit (node:events:513:28)
                            at emitErrorNT (node:internal/streams/destroy:151:8)
                            at emitErrorCloseNT (node:internal/streams/destroy:116:3)
                            at process.processTicksAndRejections (node:internal/process/task_queues:82:21)
